{"@message":"Query: select profile_id, user_id from profile_details, account_details where account = user_id and unique_id = 'oydA0nWVHqsjAsAhUXcUa5DCq'","@timestamp":"2017-05-25T00:27:19.891Z","@fields":{"level":"debug"}}
{"@message":"Query: select distinct * from post_details, profile_details where profile = profile_id and (profile in (select friend from connection_details where profile = 1 and pending = 0) or profile in (select profile from connection_details where friend = 1 and pending = 0) or profile in (select following from follow_details, preference_details where follow_details.profile = 1 and follow_details.following = preference_details.profile and preference_details.public = 1) or profile = 1) ORDER BY post_details.timestamp desc;","@timestamp":"2017-05-25T00:27:19.895Z","@fields":{"level":"debug"}}
{"@message":"Query: SELECT count(user_id) as count FROM account_details WHERE `unique_id` = 'oydA0nWVHqsjAsAhUXcUa5DCq'","@timestamp":"2017-05-25T00:27:20.737Z","@fields":{"level":"debug"}}
{"@message":"Query: select profile_id, user_id from profile_details, account_details where account = user_id and unique_id = 'oydA0nWVHqsjAsAhUXcUa5DCq'","@timestamp":"2017-05-25T00:27:20.738Z","@fields":{"level":"debug"}}
{"@message":"Query: SELECT * FROM message_details, profile_details WHERE `profile` = 1 and message_details.to = profile_details.profile_id","@timestamp":"2017-05-25T00:27:20.740Z","@fields":{"level":"debug"}}
{"@message":"Query: SELECT * FROM message_details, profile_details WHERE `to` = 1 and message_details.profile = profile_details.profile_id","@timestamp":"2017-05-25T00:27:20.740Z","@fields":{"level":"debug"}}
{"@message":"Query: SELECT count(user_id) as count FROM account_details WHERE `unique_id` = 'oydA0nWVHqsjAsAhUXcUa5DCq'","@timestamp":"2017-05-25T00:27:20.745Z","@fields":{"level":"debug"}}
{"@message":"Query: select profile_id, user_id from profile_details, account_details where account = user_id and unique_id = 'oydA0nWVHqsjAsAhUXcUa5DCq'","@timestamp":"2017-05-25T00:27:20.746Z","@fields":{"level":"debug"}}
{"@message":"Query: SELECT * FROM message_details, profile_details WHERE `profile` = 1 and message_details.to = profile_details.profile_id","@timestamp":"2017-05-25T00:27:20.746Z","@fields":{"level":"debug"}}
{"@message":"Query: SELECT * FROM message_details, profile_details WHERE `to` = 1 and message_details.profile = profile_details.profile_id","@timestamp":"2017-05-25T00:27:20.747Z","@fields":{"level":"debug"}}
{"@message":"Query: SELECT count(user_id) as count FROM account_details WHERE `unique_id` = 'oydA0nWVHqsjAsAhUXcUa5DCq'","@timestamp":"2017-05-25T00:27:45.644Z","@fields":{"level":"debug"}}
{"@message":"Query: select profile_id, user_id from profile_details, account_details where account = user_id and unique_id = 'oydA0nWVHqsjAsAhUXcUa5DCq'","@timestamp":"2017-05-25T00:27:45.646Z","@fields":{"level":"debug"}}
{"@message":"Query: SELECT * FROM profile_details WHERE `profile_id` = 1","@timestamp":"2017-05-25T00:27:45.647Z","@fields":{"level":"debug"}}
{"@message":"Query: SELECT count(user_id) as count FROM account_details WHERE `unique_id` = 'oydA0nWVHqsjAsAhUXcUa5DCq'","@timestamp":"2017-05-25T00:27:45.670Z","@fields":{"level":"debug"}}
{"@message":"Query: select profile_id, user_id from profile_details, account_details where account = user_id and unique_id = 'oydA0nWVHqsjAsAhUXcUa5DCq'","@timestamp":"2017-05-25T00:27:45.672Z","@fields":{"level":"debug"}}
{"@message":"Query: select distinct * from post_details, profile_details where profile = profile_id and (profile in (select friend from connection_details where profile = 1 and pending = 0) or profile in (select profile from connection_details where friend = 1 and pending = 0) or profile in (select following from follow_details, preference_details where follow_details.profile = 1 and follow_details.following = preference_details.profile and preference_details.public = 1) or profile = 1) ORDER BY post_details.timestamp desc;","@timestamp":"2017-05-25T00:27:45.675Z","@fields":{"level":"debug"}}
{"@message":"Query: SELECT count(user_id) as count FROM account_details WHERE `unique_id` = 'oydA0nWVHqsjAsAhUXcUa5DCq'","@timestamp":"2017-05-25T00:27:53.146Z","@fields":{"level":"debug"}}
{"@message":"Query: select profile_id, user_id from profile_details, account_details where account = user_id and unique_id = 'oydA0nWVHqsjAsAhUXcUa5DCq'","@timestamp":"2017-05-25T00:27:53.147Z","@fields":{"level":"debug"}}
{"@message":"Query: SELECT * FROM notification_details WHERE `profile` = 1","@timestamp":"2017-05-25T00:27:53.148Z","@fields":{"level":"debug"}}
{"@message":"Query: SELECT count(user_id) as count FROM account_details WHERE `unique_id` = 'oydA0nWVHqsjAsAhUXcUa5DCq'","@timestamp":"2017-05-25T00:27:54.045Z","@fields":{"level":"debug"}}
{"@message":"Query: select profile_id, user_id from profile_details, account_details where account = user_id and unique_id = 'oydA0nWVHqsjAsAhUXcUa5DCq'","@timestamp":"2017-05-25T00:27:54.046Z","@fields":{"level":"debug"}}
{"@message":"Query: select distinct * from post_details, profile_details where profile = profile_id and (profile in (select friend from connection_details where profile = 1 and pending = 0) or profile in (select profile from connection_details where friend = 1 and pending = 0) or profile in (select following from follow_details, preference_details where follow_details.profile = 1 and follow_details.following = preference_details.profile and preference_details.public = 1) or profile = 1) ORDER BY post_details.timestamp desc;","@timestamp":"2017-05-25T00:27:54.047Z","@fields":{"level":"debug"}}
{"@message":"Query: SELECT count(user_id) as count FROM account_details WHERE `unique_id` = 'oydA0nWVHqsjAsAhUXcUa5DCq'","@timestamp":"2017-05-25T00:28:21.542Z","@fields":{"level":"debug"}}
{"@message":"Query: select profile_id, user_id from profile_details, account_details where account = user_id and unique_id = 'oydA0nWVHqsjAsAhUXcUa5DCq'","@timestamp":"2017-05-25T00:28:21.546Z","@fields":{"level":"debug"}}
{"@message":"Query: SELECT * FROM profile_details WHERE `profile_id` = 1","@timestamp":"2017-05-25T00:28:21.546Z","@fields":{"level":"debug"}}
{"@message":"Query: SELECT count(user_id) as count FROM account_details WHERE `unique_id` = 'oydA0nWVHqsjAsAhUXcUa5DCq'","@timestamp":"2017-05-25T00:28:21.589Z","@fields":{"level":"debug"}}
{"@message":"Query: select profile_id, user_id from profile_details, account_details where account = user_id and unique_id = 'oydA0nWVHqsjAsAhUXcUa5DCq'","@timestamp":"2017-05-25T00:28:21.590Z","@fields":{"level":"debug"}}
{"@message":"Query: select distinct * from post_details, profile_details where profile = profile_id and (profile in (select friend from connection_details where profile = 1 and pending = 0) or profile in (select profile from connection_details where friend = 1 and pending = 0) or profile in (select following from follow_details, preference_details where follow_details.profile = 1 and follow_details.following = preference_details.profile and preference_details.public = 1) or profile = 1) ORDER BY post_details.timestamp desc;","@timestamp":"2017-05-25T00:28:21.591Z","@fields":{"level":"debug"}}
{"@message":"Query: SELECT count(user_id) as count FROM account_details WHERE `unique_id` = 'oydA0nWVHqsjAsAhUXcUa5DCq'","@timestamp":"2017-05-25T00:28:28.652Z","@fields":{"level":"debug"}}
{"@message":"Query: select profile_id, user_id from profile_details, account_details where account = user_id and unique_id = 'oydA0nWVHqsjAsAhUXcUa5DCq'","@timestamp":"2017-05-25T00:28:28.653Z","@fields":{"level":"debug"}}
{"@message":"Query: SELECT * FROM message_details, profile_details WHERE `profile` = 1 and message_details.to = profile_details.profile_id","@timestamp":"2017-05-25T00:28:28.653Z","@fields":{"level":"debug"}}
{"@message":"Query: SELECT * FROM message_details, profile_details WHERE `to` = 1 and message_details.profile = profile_details.profile_id","@timestamp":"2017-05-25T00:28:28.654Z","@fields":{"level":"debug"}}
{"@message":"Query: SELECT count(user_id) as count FROM account_details WHERE `unique_id` = 'oydA0nWVHqsjAsAhUXcUa5DCq'","@timestamp":"2017-05-25T00:28:28.667Z","@fields":{"level":"debug"}}
{"@message":"Query: select profile_id, user_id from profile_details, account_details where account = user_id and unique_id = 'oydA0nWVHqsjAsAhUXcUa5DCq'","@timestamp":"2017-05-25T00:28:28.667Z","@fields":{"level":"debug"}}
{"@message":"Query: SELECT * FROM message_details, profile_details WHERE `profile` = 1 and message_details.to = profile_details.profile_id","@timestamp":"2017-05-25T00:28:28.668Z","@fields":{"level":"debug"}}
{"@message":"Query: SELECT * FROM message_details, profile_details WHERE `to` = 1 and message_details.profile = profile_details.profile_id","@timestamp":"2017-05-25T00:28:28.668Z","@fields":{"level":"debug"}}
{"@message":"Query: SELECT count(user_id) as count FROM account_details WHERE `unique_id` = 'oydA0nWVHqsjAsAhUXcUa5DCq'","@timestamp":"2017-05-25T00:28:35.425Z","@fields":{"level":"debug"}}
{"@message":"Query: SELECT count(user_id) as count FROM account_details WHERE `unique_id` = 'oydA0nWVHqsjAsAhUXcUa5DCq'","@timestamp":"2017-05-25T00:28:35.427Z","@fields":{"level":"debug"}}
{"@message":"Query: select profile_id, user_id from profile_details, account_details where account = user_id and unique_id = 'oydA0nWVHqsjAsAhUXcUa5DCq'","@timestamp":"2017-05-25T00:28:35.428Z","@fields":{"level":"debug"}}
{"@message":"Query: select profile_id, user_id from profile_details, account_details where account = user_id and unique_id = 'oydA0nWVHqsjAsAhUXcUa5DCq'","@timestamp":"2017-05-25T00:28:35.429Z","@fields":{"level":"debug"}}
{"@message":"Query: SELECT * FROM profile_details WHERE `profile_id` = 1","@timestamp":"2017-05-25T00:28:35.429Z","@fields":{"level":"debug"}}
{"@message":"Query: select distinct * from post_details, profile_details where profile = profile_id and (profile in (select friend from connection_details where profile = 1 and pending = 0) or profile in (select profile from connection_details where friend = 1 and pending = 0) or profile in (select following from follow_details, preference_details where follow_details.profile = 1 and follow_details.following = preference_details.profile and preference_details.public = 1) or profile = 1) ORDER BY post_details.timestamp desc;","@timestamp":"2017-05-25T00:28:35.430Z","@fields":{"level":"debug"}}
{"@message":"Query: SELECT count(user_id) as count FROM account_details WHERE `unique_id` = 'oydA0nWVHqsjAsAhUXcUa5DCq'","@timestamp":"2017-05-25T00:28:37.952Z","@fields":{"level":"debug"}}
{"@message":"Query: select profile_id, user_id from profile_details, account_details where account = user_id and unique_id = 'oydA0nWVHqsjAsAhUXcUa5DCq'","@timestamp":"2017-05-25T00:28:37.953Z","@fields":{"level":"debug"}}
{"@message":"Query: select distinct * from post_details, profile_details where profile = profile_id and (profile in (select friend from connection_details where profile = 1 and pending = 0) or profile in (select profile from connection_details where friend = 1 and pending = 0) or profile in (select following from follow_details, preference_details where follow_details.profile = 1 and follow_details.following = preference_details.profile and preference_details.public = 1) or profile = 1) ORDER BY post_details.timestamp desc;","@timestamp":"2017-05-25T00:28:37.954Z","@fields":{"level":"debug"}}
{"@message":"Query: SELECT count(user_id) as count FROM account_details WHERE `unique_id` = 'oydA0nWVHqsjAsAhUXcUa5DCq'","@timestamp":"2017-05-25T00:29:02.139Z","@fields":{"level":"debug"}}
{"@message":"Query: select profile_id, user_id from profile_details, account_details where account = user_id and unique_id = 'oydA0nWVHqsjAsAhUXcUa5DCq'","@timestamp":"2017-05-25T00:29:02.140Z","@fields":{"level":"debug"}}
{"@message":"Query: select distinct * from post_details, profile_details where profile = profile_id and (profile in (select friend from connection_details where profile = 1 and pending = 0) or profile in (select profile from connection_details where friend = 1 and pending = 0) or profile in (select following from follow_details, preference_details where follow_details.profile = 1 and follow_details.following = preference_details.profile and preference_details.public = 1) or profile = 1) ORDER BY post_details.timestamp desc;","@timestamp":"2017-05-25T00:29:02.141Z","@fields":{"level":"debug"}}
