{"@message":"Query: SELECT count(user_id) as count FROM account_details WHERE `unique_id` = 'vmWzAb8oAffNpoGl2a8DwJtsF'","@timestamp":"2017-05-25T08:10:09.834Z","@fields":{"level":"debug"}}
{"@message":"Query: select profile_id, user_id from profile_details, account_details where account = user_id and unique_id = 'vmWzAb8oAffNpoGl2a8DwJtsF'","@timestamp":"2017-05-25T08:10:09.887Z","@fields":{"level":"debug"}}
{"@message":"Query: SELECT * FROM profile_details WHERE `profile_id` = 1","@timestamp":"2017-05-25T08:10:09.892Z","@fields":{"level":"debug"}}
{"@message":"Query: SELECT count(user_id) as count FROM account_details WHERE `unique_id` = 'vmWzAb8oAffNpoGl2a8DwJtsF'","@timestamp":"2017-05-25T08:10:09.898Z","@fields":{"level":"debug"}}
{"@message":"Query: select profile_id, user_id from profile_details, account_details where account = user_id and unique_id = 'vmWzAb8oAffNpoGl2a8DwJtsF'","@timestamp":"2017-05-25T08:10:09.898Z","@fields":{"level":"debug"}}
{"@message":"Query: select distinct * from post_details, profile_details where profile = profile_id and (profile in (select friend from connection_details where profile = 1 and pending = 0) or profile in (select profile from connection_details where friend = 1 and pending = 0) or profile in (select following from follow_details, preference_details where follow_details.profile = 1 and follow_details.following = preference_details.profile and preference_details.public = 1) or profile = 1) ORDER BY post_details.timestamp desc;","@timestamp":"2017-05-25T08:10:09.900Z","@fields":{"level":"debug"}}
{"@message":"Query: SELECT count(user_id) as count FROM account_details WHERE `unique_id` = 'vmWzAb8oAffNpoGl2a8DwJtsF'","@timestamp":"2017-05-25T08:10:12.927Z","@fields":{"level":"debug"}}
{"@message":"Query: select profile_id, user_id from profile_details, account_details where account = user_id and unique_id = 'vmWzAb8oAffNpoGl2a8DwJtsF'","@timestamp":"2017-05-25T08:10:12.927Z","@fields":{"level":"debug"}}
{"@message":"Query: select distinct * from post_details, profile_details where profile = profile_id and (profile in (select friend from connection_details where profile = 1 and pending = 0) or profile in (select profile from connection_details where friend = 1 and pending = 0) or profile in (select following from follow_details, preference_details where follow_details.profile = 1 and follow_details.following = preference_details.profile and preference_details.public = 1) or profile = 1) ORDER BY post_details.timestamp desc;","@timestamp":"2017-05-25T08:10:12.928Z","@fields":{"level":"debug"}}
{"@message":"Query: select profile_id, user_id from profile_details, account_details where account = user_id and email = 'naikrushin@gmail.com'","@timestamp":"2017-05-25T08:28:12.446Z","@fields":{"level":"debug"}}
{"@message":"Query: select * from profile_details where profile_details.profile_id = 1;","@timestamp":"2017-05-25T08:28:12.461Z","@fields":{"level":"debug"}}
{"@message":"Query: select profile_id, user_id from profile_details, account_details where account = user_id and email = 'naikrushin@gmail.com'","@timestamp":"2017-05-25T08:31:15.704Z","@fields":{"level":"debug"}}
{"@message":"Query: select * from profile_details where profile_details.profile_id = 1;","@timestamp":"2017-05-25T08:31:15.723Z","@fields":{"level":"debug"}}
{"@message":"Query: SELECT count(user_id) as count FROM account_details WHERE `unique_id` = 'vmWzAb8oAffNpoGl2a8DwJtsF'","@timestamp":"2017-05-25T08:33:46.297Z","@fields":{"level":"debug"}}
{"@message":"Query: select profile_id, user_id from profile_details, account_details where account = user_id and unique_id = 'vmWzAb8oAffNpoGl2a8DwJtsF'","@timestamp":"2017-05-25T08:33:46.301Z","@fields":{"level":"debug"}}
{"@message":"Query: SELECT * FROM profile_details WHERE `profile_id` = 1","@timestamp":"2017-05-25T08:33:46.304Z","@fields":{"level":"debug"}}
{"@message":"Query: SELECT count(user_id) as count FROM account_details WHERE `unique_id` = 'vmWzAb8oAffNpoGl2a8DwJtsF'","@timestamp":"2017-05-25T08:33:46.467Z","@fields":{"level":"debug"}}
{"@message":"Query: select profile_id, user_id from profile_details, account_details where account = user_id and unique_id = 'vmWzAb8oAffNpoGl2a8DwJtsF'","@timestamp":"2017-05-25T08:33:46.468Z","@fields":{"level":"debug"}}
{"@message":"Query: select distinct * from post_details, profile_details where profile = profile_id and (profile in (select friend from connection_details where profile = 1 and pending = 0) or profile in (select profile from connection_details where friend = 1 and pending = 0) or profile in (select following from follow_details, preference_details where follow_details.profile = 1 and follow_details.following = preference_details.profile and preference_details.public = 1) or profile = 1) ORDER BY post_details.timestamp desc;","@timestamp":"2017-05-25T08:33:46.469Z","@fields":{"level":"debug"}}
{"@message":"Query: SELECT count(user_id) as count FROM account_details WHERE `unique_id` = 'vmWzAb8oAffNpoGl2a8DwJtsF'","@timestamp":"2017-05-25T08:33:49.009Z","@fields":{"level":"debug"}}
{"@message":"Query: select profile_id, user_id from profile_details, account_details where account = user_id and unique_id = 'vmWzAb8oAffNpoGl2a8DwJtsF'","@timestamp":"2017-05-25T08:33:49.009Z","@fields":{"level":"debug"}}
{"@message":"Query: select distinct * from post_details, profile_details where profile = profile_id and (profile in (select friend from connection_details where profile = 1 and pending = 0) or profile in (select profile from connection_details where friend = 1 and pending = 0) or profile in (select following from follow_details, preference_details where follow_details.profile = 1 and follow_details.following = preference_details.profile and preference_details.public = 1) or profile = 1) ORDER BY post_details.timestamp desc;","@timestamp":"2017-05-25T08:33:49.011Z","@fields":{"level":"debug"}}
{"@message":"Query: SELECT count(user_id) as count FROM account_details WHERE `unique_id` = 'vmWzAb8oAffNpoGl2a8DwJtsF'","@timestamp":"2017-05-25T08:33:56.156Z","@fields":{"level":"debug"}}
{"@message":"Query: select profile_id, user_id from profile_details, account_details where account = user_id and unique_id = 'vmWzAb8oAffNpoGl2a8DwJtsF'","@timestamp":"2017-05-25T08:33:56.162Z","@fields":{"level":"debug"}}
{"@message":"Query: SELECT * FROM notification_details WHERE `profile` = 1","@timestamp":"2017-05-25T08:33:56.164Z","@fields":{"level":"debug"}}
{"@message":"Query: SELECT count(user_id) as count FROM account_details WHERE `unique_id` = 'vmWzAb8oAffNpoGl2a8DwJtsF'","@timestamp":"2017-05-25T08:33:58.146Z","@fields":{"level":"debug"}}
{"@message":"Query: SELECT count(user_id) as count FROM account_details WHERE `unique_id` = 'vmWzAb8oAffNpoGl2a8DwJtsF'","@timestamp":"2017-05-25T08:33:58.150Z","@fields":{"level":"debug"}}
{"@message":"Query: select profile_id, user_id from profile_details, account_details where account = user_id and unique_id = 'vmWzAb8oAffNpoGl2a8DwJtsF'","@timestamp":"2017-05-25T08:33:58.155Z","@fields":{"level":"debug"}}
{"@message":"Query: SELECT count(user_id) as count FROM account_details WHERE `unique_id` = 'vmWzAb8oAffNpoGl2a8DwJtsF'","@timestamp":"2017-05-25T08:33:58.156Z","@fields":{"level":"debug"}}
{"@message":"Query: select profile_id, user_id from profile_details, account_details where account = user_id and unique_id = 'vmWzAb8oAffNpoGl2a8DwJtsF'","@timestamp":"2017-05-25T08:33:58.157Z","@fields":{"level":"debug"}}
{"@message":"Query: select friend as request_receiver, screen_name as name from connection_details, profile_details where connection_details.profile = 1 and connection_details.pending = 1 and connection_details.friend = profile_details.profile_id;","@timestamp":"2017-05-25T08:33:58.158Z","@fields":{"level":"debug"}}
{"@message":"Query: select profile_id, user_id from profile_details, account_details where account = user_id and unique_id = 'vmWzAb8oAffNpoGl2a8DwJtsF'","@timestamp":"2017-05-25T08:33:58.159Z","@fields":{"level":"debug"}}
{"@message":"Query: SELECT count(user_id) as count FROM account_details WHERE `unique_id` = 'vmWzAb8oAffNpoGl2a8DwJtsF'","@timestamp":"2017-05-25T08:33:58.166Z","@fields":{"level":"debug"}}
{"@message":"Query: select profile as request_sender, screen_name as name from connection_details, profile_details where connection_details.profile = profile_details.profile_id and connection_details.friend = 1 and pending = 1; ","@timestamp":"2017-05-25T08:33:58.168Z","@fields":{"level":"debug"}}
{"@message":"Query: select profile as request_sender, screen_name as name from connection_details, profile_details where connection_details.profile = profile_details.profile_id and connection_details.friend = 1 and pending = 1; ","@timestamp":"2017-05-25T08:33:58.172Z","@fields":{"level":"debug"}}
{"@message":"Query: select profile_id, user_id from profile_details, account_details where account = user_id and unique_id = 'vmWzAb8oAffNpoGl2a8DwJtsF'","@timestamp":"2017-05-25T08:33:58.172Z","@fields":{"level":"debug"}}
{"@message":"Query: select friend as request_receiver, screen_name as name from connection_details, profile_details where connection_details.profile = 1 and connection_details.pending = 1 and connection_details.friend = profile_details.profile_id;","@timestamp":"2017-05-25T08:33:58.175Z","@fields":{"level":"debug"}}
{"@message":"Query: SELECT count(user_id) as count FROM account_details WHERE `unique_id` = 'vmWzAb8oAffNpoGl2a8DwJtsF'","@timestamp":"2017-05-25T08:34:05.245Z","@fields":{"level":"debug"}}
{"@message":"Query: SELECT count(user_id) as count FROM account_details WHERE `unique_id` = 'vmWzAb8oAffNpoGl2a8DwJtsF'","@timestamp":"2017-05-25T08:34:05.248Z","@fields":{"level":"debug"}}
{"@message":"Query: select profile_id, user_id from profile_details, account_details where account = user_id and unique_id = 'vmWzAb8oAffNpoGl2a8DwJtsF'","@timestamp":"2017-05-25T08:34:05.249Z","@fields":{"level":"debug"}}
{"@message":"Query: select profile_id, user_id from profile_details, account_details where account = user_id and unique_id = 'vmWzAb8oAffNpoGl2a8DwJtsF'","@timestamp":"2017-05-25T08:34:05.254Z","@fields":{"level":"debug"}}
{"@message":"Query: SELECT * FROM profile_details WHERE `profile_id` = 1","@timestamp":"2017-05-25T08:34:05.255Z","@fields":{"level":"debug"}}
{"@message":"Query: select distinct * from post_details, profile_details where profile = profile_id and (profile in (select friend from connection_details where profile = 1 and pending = 0) or profile in (select profile from connection_details where friend = 1 and pending = 0) or profile in (select following from follow_details, preference_details where follow_details.profile = 1 and follow_details.following = preference_details.profile and preference_details.public = 1) or profile = 1) ORDER BY post_details.timestamp desc;","@timestamp":"2017-05-25T08:34:05.257Z","@fields":{"level":"debug"}}
{"@message":"Query: SELECT count(user_id) as count FROM account_details WHERE `unique_id` = 'vmWzAb8oAffNpoGl2a8DwJtsF'","@timestamp":"2017-05-25T08:34:07.274Z","@fields":{"level":"debug"}}
{"@message":"Query: SELECT count(user_id) as count FROM account_details WHERE `unique_id` = 'vmWzAb8oAffNpoGl2a8DwJtsF'","@timestamp":"2017-05-25T08:34:07.276Z","@fields":{"level":"debug"}}
{"@message":"Query: select profile_id, user_id from profile_details, account_details where account = user_id and unique_id = 'vmWzAb8oAffNpoGl2a8DwJtsF'","@timestamp":"2017-05-25T08:34:07.276Z","@fields":{"level":"debug"}}
{"@message":"Query: select profile_id, user_id from profile_details, account_details where account = user_id and unique_id = 'vmWzAb8oAffNpoGl2a8DwJtsF'","@timestamp":"2017-05-25T08:34:07.278Z","@fields":{"level":"debug"}}
{"@message":"Query: SELECT * FROM message_details, profile_details WHERE `profile` = 1 and message_details.to = profile_details.profile_id","@timestamp":"2017-05-25T08:34:07.280Z","@fields":{"level":"debug"}}
{"@message":"Query: SELECT * FROM message_details, profile_details WHERE `to` = 1 and message_details.profile = profile_details.profile_id","@timestamp":"2017-05-25T08:34:07.280Z","@fields":{"level":"debug"}}
{"@message":"Query: SELECT * FROM message_details, profile_details WHERE `profile` = 1 and message_details.to = profile_details.profile_id","@timestamp":"2017-05-25T08:34:07.281Z","@fields":{"level":"debug"}}
{"@message":"Query: SELECT * FROM message_details, profile_details WHERE `to` = 1 and message_details.profile = profile_details.profile_id","@timestamp":"2017-05-25T08:34:07.281Z","@fields":{"level":"debug"}}
{"@message":"Query: SELECT count(user_id) as count FROM account_details WHERE `unique_id` = 'vmWzAb8oAffNpoGl2a8DwJtsF'","@timestamp":"2017-05-25T08:34:07.789Z","@fields":{"level":"debug"}}
{"@message":"Query: select profile_id, user_id from profile_details, account_details where account = user_id and unique_id = 'vmWzAb8oAffNpoGl2a8DwJtsF'","@timestamp":"2017-05-25T08:34:07.790Z","@fields":{"level":"debug"}}
{"@message":"Query: select distinct * from post_details, profile_details where profile = profile_id and (profile in (select friend from connection_details where profile = 1 and pending = 0) or profile in (select profile from connection_details where friend = 1 and pending = 0) or profile in (select following from follow_details, preference_details where follow_details.profile = 1 and follow_details.following = preference_details.profile and preference_details.public = 1) or profile = 1) ORDER BY post_details.timestamp desc;","@timestamp":"2017-05-25T08:34:07.793Z","@fields":{"level":"debug"}}
{"@message":"Query: SELECT count(user_id) as count FROM account_details WHERE `unique_id` = 'vmWzAb8oAffNpoGl2a8DwJtsF'","@timestamp":"2017-05-25T08:34:09.776Z","@fields":{"level":"debug"}}
{"@message":"Query: select profile_id, user_id from profile_details, account_details where account = user_id and unique_id = 'vmWzAb8oAffNpoGl2a8DwJtsF'","@timestamp":"2017-05-25T08:34:09.777Z","@fields":{"level":"debug"}}
{"@message":"Query: SELECT count(user_id) as count FROM account_details WHERE `unique_id` = 'vmWzAb8oAffNpoGl2a8DwJtsF'","@timestamp":"2017-05-25T08:34:09.779Z","@fields":{"level":"debug"}}
{"@message":"Query: SELECT * FROM message_details, profile_details WHERE `profile` = 1 and message_details.to = profile_details.profile_id","@timestamp":"2017-05-25T08:34:09.780Z","@fields":{"level":"debug"}}
{"@message":"Query: SELECT * FROM message_details, profile_details WHERE `to` = 1 and message_details.profile = profile_details.profile_id","@timestamp":"2017-05-25T08:34:09.780Z","@fields":{"level":"debug"}}
{"@message":"Query: select profile_id, user_id from profile_details, account_details where account = user_id and unique_id = 'vmWzAb8oAffNpoGl2a8DwJtsF'","@timestamp":"2017-05-25T08:34:09.781Z","@fields":{"level":"debug"}}
{"@message":"Query: SELECT * FROM message_details, profile_details WHERE `profile` = 1 and message_details.to = profile_details.profile_id","@timestamp":"2017-05-25T08:34:09.801Z","@fields":{"level":"debug"}}
{"@message":"Query: SELECT * FROM message_details, profile_details WHERE `to` = 1 and message_details.profile = profile_details.profile_id","@timestamp":"2017-05-25T08:34:09.802Z","@fields":{"level":"debug"}}
{"@message":"Query: SELECT count(user_id) as count FROM account_details WHERE `unique_id` = 'vmWzAb8oAffNpoGl2a8DwJtsF'","@timestamp":"2017-05-25T08:34:18.839Z","@fields":{"level":"debug"}}
{"@message":"Query: select profile_id, user_id from profile_details, account_details where account = user_id and unique_id = 'vmWzAb8oAffNpoGl2a8DwJtsF'","@timestamp":"2017-05-25T08:34:18.839Z","@fields":{"level":"debug"}}
{"@message":"Query: select distinct * from post_details, profile_details where profile = profile_id and (profile in (select friend from connection_details where profile = 1 and pending = 0) or profile in (select profile from connection_details where friend = 1 and pending = 0) or profile in (select following from follow_details, preference_details where follow_details.profile = 1 and follow_details.following = preference_details.profile and preference_details.public = 1) or profile = 1) ORDER BY post_details.timestamp desc;","@timestamp":"2017-05-25T08:34:18.840Z","@fields":{"level":"debug"}}
{"@message":"Query: SELECT count(user_id) as count FROM account_details WHERE `unique_id` = 'vmWzAb8oAffNpoGl2a8DwJtsF'","@timestamp":"2017-05-25T08:34:20.644Z","@fields":{"level":"debug"}}
{"@message":"Query: select profile_id, user_id from profile_details, account_details where account = user_id and unique_id = 'vmWzAb8oAffNpoGl2a8DwJtsF'","@timestamp":"2017-05-25T08:34:20.645Z","@fields":{"level":"debug"}}
{"@message":"Query: SELECT * FROM notification_details WHERE `profile` = 1","@timestamp":"2017-05-25T08:34:20.646Z","@fields":{"level":"debug"}}
{"@message":"Query: SELECT count(user_id) as count FROM account_details WHERE `unique_id` = 'vmWzAb8oAffNpoGl2a8DwJtsF'","@timestamp":"2017-05-25T08:34:21.379Z","@fields":{"level":"debug"}}
{"@message":"Query: select profile_id, user_id from profile_details, account_details where account = user_id and unique_id = 'vmWzAb8oAffNpoGl2a8DwJtsF'","@timestamp":"2017-05-25T08:34:21.379Z","@fields":{"level":"debug"}}
{"@message":"Query: select distinct * from post_details, profile_details where profile = profile_id and (profile in (select friend from connection_details where profile = 1 and pending = 0) or profile in (select profile from connection_details where friend = 1 and pending = 0) or profile in (select following from follow_details, preference_details where follow_details.profile = 1 and follow_details.following = preference_details.profile and preference_details.public = 1) or profile = 1) ORDER BY post_details.timestamp desc;","@timestamp":"2017-05-25T08:34:21.380Z","@fields":{"level":"debug"}}
{"@message":"Query: SELECT count(user_id) as count FROM account_details WHERE `unique_id` = 'vmWzAb8oAffNpoGl2a8DwJtsF'","@timestamp":"2017-05-25T08:36:36.864Z","@fields":{"level":"debug"}}
{"@message":"Query: select profile_id, user_id from profile_details, account_details where account = user_id and unique_id = 'vmWzAb8oAffNpoGl2a8DwJtsF'","@timestamp":"2017-05-25T08:36:36.865Z","@fields":{"level":"debug"}}
{"@message":"Query: SELECT * FROM profile_details WHERE `profile_id` = 1","@timestamp":"2017-05-25T08:36:36.866Z","@fields":{"level":"debug"}}
{"@message":"Query: SELECT count(user_id) as count FROM account_details WHERE `unique_id` = 'vmWzAb8oAffNpoGl2a8DwJtsF'","@timestamp":"2017-05-25T08:36:37.062Z","@fields":{"level":"debug"}}
{"@message":"Query: select profile_id, user_id from profile_details, account_details where account = user_id and unique_id = 'vmWzAb8oAffNpoGl2a8DwJtsF'","@timestamp":"2017-05-25T08:36:37.063Z","@fields":{"level":"debug"}}
{"@message":"Query: select distinct * from post_details, profile_details where profile = profile_id and (profile in (select friend from connection_details where profile = 1 and pending = 0) or profile in (select profile from connection_details where friend = 1 and pending = 0) or profile in (select following from follow_details, preference_details where follow_details.profile = 1 and follow_details.following = preference_details.profile and preference_details.public = 1) or profile = 1) ORDER BY post_details.timestamp desc;","@timestamp":"2017-05-25T08:36:37.064Z","@fields":{"level":"debug"}}
{"@message":"Query: SELECT count(user_id) as count FROM account_details WHERE `unique_id` = 'vmWzAb8oAffNpoGl2a8DwJtsF'","@timestamp":"2017-05-25T08:36:39.609Z","@fields":{"level":"debug"}}
{"@message":"Query: select profile_id, user_id from profile_details, account_details where account = user_id and unique_id = 'vmWzAb8oAffNpoGl2a8DwJtsF'","@timestamp":"2017-05-25T08:36:39.610Z","@fields":{"level":"debug"}}
{"@message":"Query: select distinct * from post_details, profile_details where profile = profile_id and (profile in (select friend from connection_details where profile = 1 and pending = 0) or profile in (select profile from connection_details where friend = 1 and pending = 0) or profile in (select following from follow_details, preference_details where follow_details.profile = 1 and follow_details.following = preference_details.profile and preference_details.public = 1) or profile = 1) ORDER BY post_details.timestamp desc;","@timestamp":"2017-05-25T08:36:39.612Z","@fields":{"level":"debug"}}
{"@message":"Query: SELECT count(user_id) as count FROM account_details WHERE `unique_id` = 'vmWzAb8oAffNpoGl2a8DwJtsF'","@timestamp":"2017-05-25T08:37:32.304Z","@fields":{"level":"debug"}}
{"@message":"Query: select profile_id, user_id from profile_details, account_details where account = user_id and unique_id = 'vmWzAb8oAffNpoGl2a8DwJtsF'","@timestamp":"2017-05-25T08:37:32.306Z","@fields":{"level":"debug"}}
{"@message":"Query: SELECT * FROM profile_details WHERE `profile_id` = 1","@timestamp":"2017-05-25T08:37:32.309Z","@fields":{"level":"debug"}}
{"@message":"Query: SELECT count(user_id) as count FROM account_details WHERE `unique_id` = 'vmWzAb8oAffNpoGl2a8DwJtsF'","@timestamp":"2017-05-25T08:37:32.387Z","@fields":{"level":"debug"}}
{"@message":"Query: select profile_id, user_id from profile_details, account_details where account = user_id and unique_id = 'vmWzAb8oAffNpoGl2a8DwJtsF'","@timestamp":"2017-05-25T08:37:32.387Z","@fields":{"level":"debug"}}
{"@message":"Query: select distinct * from post_details, profile_details where profile = profile_id and (profile in (select friend from connection_details where profile = 1 and pending = 0) or profile in (select profile from connection_details where friend = 1 and pending = 0) or profile in (select following from follow_details, preference_details where follow_details.profile = 1 and follow_details.following = preference_details.profile and preference_details.public = 1) or profile = 1) ORDER BY post_details.timestamp desc;","@timestamp":"2017-05-25T08:37:32.388Z","@fields":{"level":"debug"}}
{"@message":"Query: SELECT count(user_id) as count FROM account_details WHERE `unique_id` = 'vmWzAb8oAffNpoGl2a8DwJtsF'","@timestamp":"2017-05-25T08:37:35.029Z","@fields":{"level":"debug"}}
{"@message":"Query: select profile_id, user_id from profile_details, account_details where account = user_id and unique_id = 'vmWzAb8oAffNpoGl2a8DwJtsF'","@timestamp":"2017-05-25T08:37:35.029Z","@fields":{"level":"debug"}}
{"@message":"Query: select distinct * from post_details, profile_details where profile = profile_id and (profile in (select friend from connection_details where profile = 1 and pending = 0) or profile in (select profile from connection_details where friend = 1 and pending = 0) or profile in (select following from follow_details, preference_details where follow_details.profile = 1 and follow_details.following = preference_details.profile and preference_details.public = 1) or profile = 1) ORDER BY post_details.timestamp desc;","@timestamp":"2017-05-25T08:37:35.030Z","@fields":{"level":"debug"}}
{"@message":"Query: SELECT count(user_id) as count FROM account_details WHERE `unique_id` = 'vmWzAb8oAffNpoGl2a8DwJtsF'","@timestamp":"2017-05-25T08:37:59.481Z","@fields":{"level":"debug"}}
{"@message":"Query: select profile_id, user_id from profile_details, account_details where account = user_id and unique_id = 'vmWzAb8oAffNpoGl2a8DwJtsF'","@timestamp":"2017-05-25T08:37:59.483Z","@fields":{"level":"debug"}}
{"@message":"Query: select friend as request_receiver, screen_name as name from connection_details, profile_details where connection_details.profile = 1 and connection_details.pending = 1 and connection_details.friend = profile_details.profile_id;","@timestamp":"2017-05-25T08:37:59.484Z","@fields":{"level":"debug"}}
{"@message":"Query: SELECT count(user_id) as count FROM account_details WHERE `unique_id` = 'vmWzAb8oAffNpoGl2a8DwJtsF'","@timestamp":"2017-05-25T08:37:59.514Z","@fields":{"level":"debug"}}
{"@message":"Query: select profile_id, user_id from profile_details, account_details where account = user_id and unique_id = 'vmWzAb8oAffNpoGl2a8DwJtsF'","@timestamp":"2017-05-25T08:37:59.515Z","@fields":{"level":"debug"}}
{"@message":"Query: select profile as request_sender, screen_name as name from connection_details, profile_details where connection_details.profile = profile_details.profile_id and connection_details.friend = 1 and pending = 1; ","@timestamp":"2017-05-25T08:37:59.515Z","@fields":{"level":"debug"}}
{"@message":"Query: SELECT count(user_id) as count FROM account_details WHERE `unique_id` = 'vmWzAb8oAffNpoGl2a8DwJtsF'","@timestamp":"2017-05-25T08:37:59.527Z","@fields":{"level":"debug"}}
{"@message":"Query: select profile_id, user_id from profile_details, account_details where account = user_id and unique_id = 'vmWzAb8oAffNpoGl2a8DwJtsF'","@timestamp":"2017-05-25T08:37:59.529Z","@fields":{"level":"debug"}}
{"@message":"Query: select friend as request_receiver, screen_name as name from connection_details, profile_details where connection_details.profile = 1 and connection_details.pending = 1 and connection_details.friend = profile_details.profile_id;","@timestamp":"2017-05-25T08:37:59.531Z","@fields":{"level":"debug"}}
{"@message":"Query: SELECT count(user_id) as count FROM account_details WHERE `unique_id` = 'vmWzAb8oAffNpoGl2a8DwJtsF'","@timestamp":"2017-05-25T08:37:59.547Z","@fields":{"level":"debug"}}
{"@message":"Query: select profile_id, user_id from profile_details, account_details where account = user_id and unique_id = 'vmWzAb8oAffNpoGl2a8DwJtsF'","@timestamp":"2017-05-25T08:37:59.549Z","@fields":{"level":"debug"}}
{"@message":"Query: select profile as request_sender, screen_name as name from connection_details, profile_details where connection_details.profile = profile_details.profile_id and connection_details.friend = 1 and pending = 1; ","@timestamp":"2017-05-25T08:37:59.550Z","@fields":{"level":"debug"}}
{"@message":"Query: SELECT count(user_id) as count FROM account_details WHERE `unique_id` = 'vmWzAb8oAffNpoGl2a8DwJtsF'","@timestamp":"2017-05-25T08:41:51.385Z","@fields":{"level":"debug"}}
{"@message":"Query: select profile_id, user_id from profile_details, account_details where account = user_id and unique_id = 'vmWzAb8oAffNpoGl2a8DwJtsF'","@timestamp":"2017-05-25T08:41:51.386Z","@fields":{"level":"debug"}}
{"@message":"Query: SELECT * FROM profile_details WHERE `profile_id` = 1","@timestamp":"2017-05-25T08:41:51.387Z","@fields":{"level":"debug"}}
{"@message":"Query: SELECT count(user_id) as count FROM account_details WHERE `unique_id` = 'vmWzAb8oAffNpoGl2a8DwJtsF'","@timestamp":"2017-05-25T08:41:51.517Z","@fields":{"level":"debug"}}
{"@message":"Query: select profile_id, user_id from profile_details, account_details where account = user_id and unique_id = 'vmWzAb8oAffNpoGl2a8DwJtsF'","@timestamp":"2017-05-25T08:41:51.518Z","@fields":{"level":"debug"}}
{"@message":"Query: select distinct * from post_details, profile_details where profile = profile_id and (profile in (select friend from connection_details where profile = 1 and pending = 0) or profile in (select profile from connection_details where friend = 1 and pending = 0) or profile in (select following from follow_details, preference_details where follow_details.profile = 1 and follow_details.following = preference_details.profile and preference_details.public = 1) or profile = 1) ORDER BY post_details.timestamp desc;","@timestamp":"2017-05-25T08:41:51.520Z","@fields":{"level":"debug"}}
{"@message":"Query: SELECT count(user_id) as count FROM account_details WHERE `unique_id` = 'vmWzAb8oAffNpoGl2a8DwJtsF'","@timestamp":"2017-05-25T08:41:54.221Z","@fields":{"level":"debug"}}
{"@message":"Query: select profile_id, user_id from profile_details, account_details where account = user_id and unique_id = 'vmWzAb8oAffNpoGl2a8DwJtsF'","@timestamp":"2017-05-25T08:41:54.221Z","@fields":{"level":"debug"}}
{"@message":"Query: select distinct * from post_details, profile_details where profile = profile_id and (profile in (select friend from connection_details where profile = 1 and pending = 0) or profile in (select profile from connection_details where friend = 1 and pending = 0) or profile in (select following from follow_details, preference_details where follow_details.profile = 1 and follow_details.following = preference_details.profile and preference_details.public = 1) or profile = 1) ORDER BY post_details.timestamp desc;","@timestamp":"2017-05-25T08:41:54.223Z","@fields":{"level":"debug"}}
{"@message":"Query: SELECT count(user_id) as count FROM account_details WHERE `unique_id` = 'vmWzAb8oAffNpoGl2a8DwJtsF'","@timestamp":"2017-05-25T08:41:55.576Z","@fields":{"level":"debug"}}
{"@message":"Query: select profile_id, user_id from profile_details, account_details where account = user_id and unique_id = 'vmWzAb8oAffNpoGl2a8DwJtsF'","@timestamp":"2017-05-25T08:41:55.576Z","@fields":{"level":"debug"}}
{"@message":"Query: select profile as request_sender, screen_name as name from connection_details, profile_details where connection_details.profile = profile_details.profile_id and connection_details.friend = 1 and pending = 1; ","@timestamp":"2017-05-25T08:41:55.580Z","@fields":{"level":"debug"}}
{"@message":"Query: SELECT count(user_id) as count FROM account_details WHERE `unique_id` = 'vmWzAb8oAffNpoGl2a8DwJtsF'","@timestamp":"2017-05-25T08:41:55.593Z","@fields":{"level":"debug"}}
{"@message":"Query: select profile_id, user_id from profile_details, account_details where account = user_id and unique_id = 'vmWzAb8oAffNpoGl2a8DwJtsF'","@timestamp":"2017-05-25T08:41:55.594Z","@fields":{"level":"debug"}}
{"@message":"Query: select friend as request_receiver, screen_name as name from connection_details, profile_details where connection_details.profile = 1 and connection_details.pending = 1 and connection_details.friend = profile_details.profile_id;","@timestamp":"2017-05-25T08:41:55.595Z","@fields":{"level":"debug"}}
{"@message":"Query: SELECT count(user_id) as count FROM account_details WHERE `unique_id` = 'vmWzAb8oAffNpoGl2a8DwJtsF'","@timestamp":"2017-05-25T08:41:55.626Z","@fields":{"level":"debug"}}
{"@message":"Query: select profile_id, user_id from profile_details, account_details where account = user_id and unique_id = 'vmWzAb8oAffNpoGl2a8DwJtsF'","@timestamp":"2017-05-25T08:41:55.627Z","@fields":{"level":"debug"}}
{"@message":"Query: select profile as request_sender, screen_name as name from connection_details, profile_details where connection_details.profile = profile_details.profile_id and connection_details.friend = 1 and pending = 1; ","@timestamp":"2017-05-25T08:41:55.629Z","@fields":{"level":"debug"}}
{"@message":"Query: SELECT count(user_id) as count FROM account_details WHERE `unique_id` = 'vmWzAb8oAffNpoGl2a8DwJtsF'","@timestamp":"2017-05-25T08:41:55.633Z","@fields":{"level":"debug"}}
{"@message":"Query: select profile_id, user_id from profile_details, account_details where account = user_id and unique_id = 'vmWzAb8oAffNpoGl2a8DwJtsF'","@timestamp":"2017-05-25T08:41:55.633Z","@fields":{"level":"debug"}}
{"@message":"Query: select friend as request_receiver, screen_name as name from connection_details, profile_details where connection_details.profile = 1 and connection_details.pending = 1 and connection_details.friend = profile_details.profile_id;","@timestamp":"2017-05-25T08:41:55.635Z","@fields":{"level":"debug"}}
{"@message":"Query: select profile_id, user_id from profile_details, account_details where account = user_id and email = 'naikrushin@gmail.com'","@timestamp":"2017-05-25T08:42:23.262Z","@fields":{"level":"debug"}}
{"@message":"Query: select * from profile_details where profile_details.profile_id = 1;","@timestamp":"2017-05-25T08:42:23.263Z","@fields":{"level":"debug"}}
{"@message":"Query: select profile_id, user_id from profile_details, account_details where account = user_id and email = 'naikrushin@gmail.com'","@timestamp":"2017-05-25T08:42:25.569Z","@fields":{"level":"debug"}}
{"@message":"Query: select * from profile_details where profile_details.profile_id = 1;","@timestamp":"2017-05-25T08:42:25.570Z","@fields":{"level":"debug"}}
{"@message":"Query: select profile_id, user_id from profile_details, account_details where account = user_id and email = 'naikrushin@gmail.com'","@timestamp":"2017-05-25T08:42:26.961Z","@fields":{"level":"debug"}}
{"@message":"Query: select * from profile_details where profile_details.profile_id = 1;","@timestamp":"2017-05-25T08:42:26.962Z","@fields":{"level":"debug"}}
{"@message":"Query: select profile_id, user_id from profile_details, account_details where account = user_id and email = 'naikrushin@gmail.com'","@timestamp":"2017-05-25T08:42:27.907Z","@fields":{"level":"debug"}}
{"@message":"Query: select * from profile_details where profile_details.profile_id = 1;","@timestamp":"2017-05-25T08:42:27.908Z","@fields":{"level":"debug"}}
{"@message":"Query: select profile_id, user_id from profile_details, account_details where account = user_id and email = 'naikrushin@gmail.com'","@timestamp":"2017-05-25T08:42:28.179Z","@fields":{"level":"debug"}}
{"@message":"Query: select * from profile_details where profile_details.profile_id = 1;","@timestamp":"2017-05-25T08:42:28.179Z","@fields":{"level":"debug"}}
{"@message":"Query: select profile_id, user_id from profile_details, account_details where account = user_id and email = 'naikrushin@gmail.com'","@timestamp":"2017-05-25T08:42:28.347Z","@fields":{"level":"debug"}}
{"@message":"Query: select * from profile_details where profile_details.profile_id = 1;","@timestamp":"2017-05-25T08:42:28.348Z","@fields":{"level":"debug"}}
{"@message":"Query: select profile_id, user_id from profile_details, account_details where account = user_id and email = 'naikrushin@gmail.com'","@timestamp":"2017-05-25T08:42:28.490Z","@fields":{"level":"debug"}}
{"@message":"Query: select * from profile_details where profile_details.profile_id = 1;","@timestamp":"2017-05-25T08:42:28.491Z","@fields":{"level":"debug"}}
{"@message":"Query: select profile_id, user_id from profile_details, account_details where account = user_id and email = 'naikrushin@gmail.com'","@timestamp":"2017-05-25T08:42:28.779Z","@fields":{"level":"debug"}}
{"@message":"Query: select * from profile_details where profile_details.profile_id = 1;","@timestamp":"2017-05-25T08:42:28.779Z","@fields":{"level":"debug"}}
{"@message":"Query: SELECT user_id, secret, salt FROM account_details WHERE `email` = 'naikrushin@gmail.com'","@timestamp":"2017-05-25T08:43:57.763Z","@fields":{"level":"debug"}}
{"@message":"Query: UPDATE account_details SET `unique_id` = 'qF6eCGTb4uabnFNhcdmOUjlqn' WHERE `user_id` = 1","@timestamp":"2017-05-25T08:43:58.072Z","@fields":{"level":"debug"}}
{"@message":"Query: SELECT verification_code FROM account_details WHERE `user_id` = 1","@timestamp":"2017-05-25T08:43:58.084Z","@fields":{"level":"debug"}}
{"@message":"Query: SELECT count(user_id) as count FROM account_details WHERE `unique_id` = 'qF6eCGTb4uabnFNhcdmOUjlqn'","@timestamp":"2017-05-25T08:43:58.169Z","@fields":{"level":"debug"}}
{"@message":"Query: select profile_id, user_id from profile_details, account_details where account = user_id and unique_id = 'qF6eCGTb4uabnFNhcdmOUjlqn'","@timestamp":"2017-05-25T08:43:58.172Z","@fields":{"level":"debug"}}
{"@message":"Query: SELECT * FROM profile_details WHERE `profile_id` = 1","@timestamp":"2017-05-25T08:43:58.177Z","@fields":{"level":"debug"}}
{"@message":"Query: SELECT count(user_id) as count FROM account_details WHERE `unique_id` = 'qF6eCGTb4uabnFNhcdmOUjlqn'","@timestamp":"2017-05-25T08:43:58.669Z","@fields":{"level":"debug"}}
{"@message":"Query: select profile_id, user_id from profile_details, account_details where account = user_id and unique_id = 'qF6eCGTb4uabnFNhcdmOUjlqn'","@timestamp":"2017-05-25T08:43:58.670Z","@fields":{"level":"debug"}}
{"@message":"Query: SELECT * FROM profile_details WHERE `profile_id` = 1","@timestamp":"2017-05-25T08:43:58.671Z","@fields":{"level":"debug"}}
{"@message":"Query: SELECT count(user_id) as count FROM account_details WHERE `unique_id` = 'qF6eCGTb4uabnFNhcdmOUjlqn'","@timestamp":"2017-05-25T08:43:58.683Z","@fields":{"level":"debug"}}
{"@message":"Query: select profile_id, user_id from profile_details, account_details where account = user_id and unique_id = 'qF6eCGTb4uabnFNhcdmOUjlqn'","@timestamp":"2017-05-25T08:43:58.684Z","@fields":{"level":"debug"}}
{"@message":"Query: SELECT * FROM profile_details WHERE `profile_id` = 1","@timestamp":"2017-05-25T08:43:58.685Z","@fields":{"level":"debug"}}
{"@message":"Query: SELECT count(user_id) as count FROM account_details WHERE `unique_id` = 'qF6eCGTb4uabnFNhcdmOUjlqn'","@timestamp":"2017-05-25T08:43:58.839Z","@fields":{"level":"debug"}}
{"@message":"Query: select profile_id, user_id from profile_details, account_details where account = user_id and unique_id = 'qF6eCGTb4uabnFNhcdmOUjlqn'","@timestamp":"2017-05-25T08:43:58.847Z","@fields":{"level":"debug"}}
{"@message":"Query: SELECT count(user_id) as count FROM account_details WHERE `unique_id` = 'qF6eCGTb4uabnFNhcdmOUjlqn'","@timestamp":"2017-05-25T08:43:58.850Z","@fields":{"level":"debug"}}
{"@message":"Query: select distinct * from post_details, profile_details where profile = profile_id and (profile in (select friend from connection_details where profile = 1 and pending = 0) or profile in (select profile from connection_details where friend = 1 and pending = 0) or profile in (select following from follow_details, preference_details where follow_details.profile = 1 and follow_details.following = preference_details.profile and preference_details.public = 1) or profile = 1) ORDER BY post_details.timestamp desc;","@timestamp":"2017-05-25T08:43:58.851Z","@fields":{"level":"debug"}}
{"@message":"Query: select profile_id, user_id from profile_details, account_details where account = user_id and unique_id = 'qF6eCGTb4uabnFNhcdmOUjlqn'","@timestamp":"2017-05-25T08:43:58.854Z","@fields":{"level":"debug"}}
{"@message":"Query: select distinct * from post_details, profile_details where profile = profile_id and (profile in (select friend from connection_details where profile = 1 and pending = 0) or profile in (select profile from connection_details where friend = 1 and pending = 0) or profile in (select following from follow_details, preference_details where follow_details.profile = 1 and follow_details.following = preference_details.profile and preference_details.public = 1) or profile = 1) ORDER BY post_details.timestamp desc;","@timestamp":"2017-05-25T08:43:58.865Z","@fields":{"level":"debug"}}
{"@message":"Query: SELECT count(user_id) as count FROM account_details WHERE `unique_id` = 'qF6eCGTb4uabnFNhcdmOUjlqn'","@timestamp":"2017-05-25T08:44:01.346Z","@fields":{"level":"debug"}}
{"@message":"Query: select profile_id, user_id from profile_details, account_details where account = user_id and unique_id = 'qF6eCGTb4uabnFNhcdmOUjlqn'","@timestamp":"2017-05-25T08:44:01.347Z","@fields":{"level":"debug"}}
{"@message":"Query: select distinct * from post_details, profile_details where profile = profile_id and (profile in (select friend from connection_details where profile = 1 and pending = 0) or profile in (select profile from connection_details where friend = 1 and pending = 0) or profile in (select following from follow_details, preference_details where follow_details.profile = 1 and follow_details.following = preference_details.profile and preference_details.public = 1) or profile = 1) ORDER BY post_details.timestamp desc;","@timestamp":"2017-05-25T08:44:01.350Z","@fields":{"level":"debug"}}
{"@message":"Query: SELECT count(user_id) as count FROM account_details WHERE `unique_id` = 'qF6eCGTb4uabnFNhcdmOUjlqn'","@timestamp":"2017-05-25T08:44:01.353Z","@fields":{"level":"debug"}}
{"@message":"Query: select profile_id, user_id from profile_details, account_details where account = user_id and unique_id = 'qF6eCGTb4uabnFNhcdmOUjlqn'","@timestamp":"2017-05-25T08:44:01.363Z","@fields":{"level":"debug"}}
{"@message":"Query: select distinct * from post_details, profile_details where profile = profile_id and (profile in (select friend from connection_details where profile = 1 and pending = 0) or profile in (select profile from connection_details where friend = 1 and pending = 0) or profile in (select following from follow_details, preference_details where follow_details.profile = 1 and follow_details.following = preference_details.profile and preference_details.public = 1) or profile = 1) ORDER BY post_details.timestamp desc;","@timestamp":"2017-05-25T08:44:01.363Z","@fields":{"level":"debug"}}
{"@message":"Query: SELECT count(user_id) as count FROM account_details WHERE `unique_id` = 'qF6eCGTb4uabnFNhcdmOUjlqn'","@timestamp":"2017-05-25T08:44:01.863Z","@fields":{"level":"debug"}}
{"@message":"Query: select profile_id, user_id from profile_details, account_details where account = user_id and unique_id = 'qF6eCGTb4uabnFNhcdmOUjlqn'","@timestamp":"2017-05-25T08:44:01.864Z","@fields":{"level":"debug"}}
{"@message":"Query: select friend as request_receiver, screen_name as name from connection_details, profile_details where connection_details.profile = 1 and connection_details.pending = 1 and connection_details.friend = profile_details.profile_id;","@timestamp":"2017-05-25T08:44:01.864Z","@fields":{"level":"debug"}}
{"@message":"Query: SELECT count(user_id) as count FROM account_details WHERE `unique_id` = 'qF6eCGTb4uabnFNhcdmOUjlqn'","@timestamp":"2017-05-25T08:44:01.883Z","@fields":{"level":"debug"}}
{"@message":"Query: SELECT count(user_id) as count FROM account_details WHERE `unique_id` = 'qF6eCGTb4uabnFNhcdmOUjlqn'","@timestamp":"2017-05-25T08:44:01.885Z","@fields":{"level":"debug"}}
{"@message":"Query: select profile_id, user_id from profile_details, account_details where account = user_id and unique_id = 'qF6eCGTb4uabnFNhcdmOUjlqn'","@timestamp":"2017-05-25T08:44:01.885Z","@fields":{"level":"debug"}}
{"@message":"Query: select profile_id, user_id from profile_details, account_details where account = user_id and unique_id = 'qF6eCGTb4uabnFNhcdmOUjlqn'","@timestamp":"2017-05-25T08:44:01.886Z","@fields":{"level":"debug"}}
{"@message":"Query: select friend as request_receiver, screen_name as name from connection_details, profile_details where connection_details.profile = 1 and connection_details.pending = 1 and connection_details.friend = profile_details.profile_id;","@timestamp":"2017-05-25T08:44:01.886Z","@fields":{"level":"debug"}}
{"@message":"Query: select profile as request_sender, screen_name as name from connection_details, profile_details where connection_details.profile = profile_details.profile_id and connection_details.friend = 1 and pending = 1; ","@timestamp":"2017-05-25T08:44:01.887Z","@fields":{"level":"debug"}}
{"@message":"Query: SELECT count(user_id) as count FROM account_details WHERE `unique_id` = 'qF6eCGTb4uabnFNhcdmOUjlqn'","@timestamp":"2017-05-25T08:44:01.927Z","@fields":{"level":"debug"}}
{"@message":"Query: select profile_id, user_id from profile_details, account_details where account = user_id and unique_id = 'qF6eCGTb4uabnFNhcdmOUjlqn'","@timestamp":"2017-05-25T08:44:01.928Z","@fields":{"level":"debug"}}
{"@message":"Query: select profile as request_sender, screen_name as name from connection_details, profile_details where connection_details.profile = profile_details.profile_id and connection_details.friend = 1 and pending = 1; ","@timestamp":"2017-05-25T08:44:01.928Z","@fields":{"level":"debug"}}
{"@message":"Query: SELECT count(user_id) as count FROM account_details WHERE `unique_id` = 'qF6eCGTb4uabnFNhcdmOUjlqn'","@timestamp":"2017-05-25T08:51:29.098Z","@fields":{"level":"debug"}}
{"@message":"Query: select profile_id, user_id from profile_details, account_details where account = user_id and unique_id = 'qF6eCGTb4uabnFNhcdmOUjlqn'","@timestamp":"2017-05-25T08:51:29.101Z","@fields":{"level":"debug"}}
{"@message":"Query: SELECT count(user_id) as count FROM account_details WHERE `unique_id` = 'qF6eCGTb4uabnFNhcdmOUjlqn'","@timestamp":"2017-05-25T08:51:29.102Z","@fields":{"level":"debug"}}
{"@message":"Query: select distinct * from post_details, profile_details where profile = profile_id and (profile in (select friend from connection_details where profile = 1 and pending = 0) or profile in (select profile from connection_details where friend = 1 and pending = 0) or profile in (select following from follow_details, preference_details where follow_details.profile = 1 and follow_details.following = preference_details.profile and preference_details.public = 1) or profile = 1) ORDER BY post_details.timestamp desc;","@timestamp":"2017-05-25T08:51:29.102Z","@fields":{"level":"debug"}}
{"@message":"Query: select profile_id, user_id from profile_details, account_details where account = user_id and unique_id = 'qF6eCGTb4uabnFNhcdmOUjlqn'","@timestamp":"2017-05-25T08:51:29.103Z","@fields":{"level":"debug"}}
{"@message":"Query: SELECT * FROM profile_details WHERE `profile_id` = 1","@timestamp":"2017-05-25T08:51:29.108Z","@fields":{"level":"debug"}}
{"@message":"Query: SELECT count(user_id) as count FROM account_details WHERE `unique_id` = 'qF6eCGTb4uabnFNhcdmOUjlqn'","@timestamp":"2017-05-25T08:51:31.639Z","@fields":{"level":"debug"}}
{"@message":"Query: select profile_id, user_id from profile_details, account_details where account = user_id and unique_id = 'qF6eCGTb4uabnFNhcdmOUjlqn'","@timestamp":"2017-05-25T08:51:31.639Z","@fields":{"level":"debug"}}
{"@message":"Query: select distinct * from post_details, profile_details where profile = profile_id and (profile in (select friend from connection_details where profile = 1 and pending = 0) or profile in (select profile from connection_details where friend = 1 and pending = 0) or profile in (select following from follow_details, preference_details where follow_details.profile = 1 and follow_details.following = preference_details.profile and preference_details.public = 1) or profile = 1) ORDER BY post_details.timestamp desc;","@timestamp":"2017-05-25T08:51:31.640Z","@fields":{"level":"debug"}}
{"@message":"Query: SELECT count(user_id) as count FROM account_details WHERE `unique_id` = 'qF6eCGTb4uabnFNhcdmOUjlqn'","@timestamp":"2017-05-25T08:51:35.004Z","@fields":{"level":"debug"}}
{"@message":"Query: select profile_id, user_id from profile_details, account_details where account = user_id and unique_id = 'qF6eCGTb4uabnFNhcdmOUjlqn'","@timestamp":"2017-05-25T08:51:35.005Z","@fields":{"level":"debug"}}
{"@message":"Query: select profile as request_sender, screen_name as name from connection_details, profile_details where connection_details.profile = profile_details.profile_id and connection_details.friend = 1 and pending = 1; ","@timestamp":"2017-05-25T08:51:35.007Z","@fields":{"level":"debug"}}
{"@message":"Query: SELECT count(user_id) as count FROM account_details WHERE `unique_id` = 'qF6eCGTb4uabnFNhcdmOUjlqn'","@timestamp":"2017-05-25T08:51:35.027Z","@fields":{"level":"debug"}}
{"@message":"Query: select profile_id, user_id from profile_details, account_details where account = user_id and unique_id = 'qF6eCGTb4uabnFNhcdmOUjlqn'","@timestamp":"2017-05-25T08:51:35.028Z","@fields":{"level":"debug"}}
{"@message":"Query: select friend as request_receiver, screen_name as name from connection_details, profile_details where connection_details.profile = 1 and connection_details.pending = 1 and connection_details.friend = profile_details.profile_id;","@timestamp":"2017-05-25T08:51:35.029Z","@fields":{"level":"debug"}}
{"@message":"Query: SELECT count(user_id) as count FROM account_details WHERE `unique_id` = 'qF6eCGTb4uabnFNhcdmOUjlqn'","@timestamp":"2017-05-25T08:51:35.040Z","@fields":{"level":"debug"}}
{"@message":"Query: select profile_id, user_id from profile_details, account_details where account = user_id and unique_id = 'qF6eCGTb4uabnFNhcdmOUjlqn'","@timestamp":"2017-05-25T08:51:35.041Z","@fields":{"level":"debug"}}
{"@message":"Query: select profile as request_sender, screen_name as name from connection_details, profile_details where connection_details.profile = profile_details.profile_id and connection_details.friend = 1 and pending = 1; ","@timestamp":"2017-05-25T08:51:35.044Z","@fields":{"level":"debug"}}
{"@message":"Query: SELECT count(user_id) as count FROM account_details WHERE `unique_id` = 'qF6eCGTb4uabnFNhcdmOUjlqn'","@timestamp":"2017-05-25T08:51:35.058Z","@fields":{"level":"debug"}}
{"@message":"Query: select profile_id, user_id from profile_details, account_details where account = user_id and unique_id = 'qF6eCGTb4uabnFNhcdmOUjlqn'","@timestamp":"2017-05-25T08:51:35.058Z","@fields":{"level":"debug"}}
{"@message":"Query: select friend as request_receiver, screen_name as name from connection_details, profile_details where connection_details.profile = 1 and connection_details.pending = 1 and connection_details.friend = profile_details.profile_id;","@timestamp":"2017-05-25T08:51:35.059Z","@fields":{"level":"debug"}}
{"@message":"Query: select profile_id, user_id from profile_details, account_details where account = user_id and email = 'naikrushin@gmail.com'","@timestamp":"2017-05-25T08:51:43.342Z","@fields":{"level":"debug"}}
{"@message":"Query: select * from profile_details where profile_details.profile_id = 1;","@timestamp":"2017-05-25T08:51:43.342Z","@fields":{"level":"debug"}}
{"@message":"Query: select profile_id, user_id from profile_details, account_details where account = user_id and email = 'naikrushin@gmail.com'","@timestamp":"2017-05-25T08:51:47.158Z","@fields":{"level":"debug"}}
{"@message":"Query: select * from profile_details where profile_details.profile_id = 1;","@timestamp":"2017-05-25T08:51:47.158Z","@fields":{"level":"debug"}}
{"@message":"Query: select profile_id, user_id from profile_details, account_details where account = user_id and email = 'naikrushin@gmail.com'","@timestamp":"2017-05-25T08:53:05.969Z","@fields":{"level":"debug"}}
{"@message":"Query: select * from profile_details where profile_details.profile_id = 1;","@timestamp":"2017-05-25T08:53:05.969Z","@fields":{"level":"debug"}}
{"@message":"Query: select profile_id, user_id from profile_details, account_details where account = user_id and email = 'naikrushin'","@timestamp":"2017-05-25T08:53:12.667Z","@fields":{"level":"debug"}}
{"@message":"Query: select profile_id, user_id from profile_details, account_details where account = user_id and email = 'naikrushin'","@timestamp":"2017-05-25T08:53:15.209Z","@fields":{"level":"debug"}}
{"@message":"Query: select profile_id, user_id from profile_details, account_details where account = user_id and email = 'naikrushin'","@timestamp":"2017-05-25T08:53:26.848Z","@fields":{"level":"debug"}}
{"@message":"Query: select profile_id, user_id from profile_details, account_details where account = user_id and email = 'naikrushin'","@timestamp":"2017-05-25T08:53:28.470Z","@fields":{"level":"debug"}}
{"@message":"Query: select profile_id, user_id from profile_details, account_details where account = user_id and email = 'naikrushin'","@timestamp":"2017-05-25T08:53:29.352Z","@fields":{"level":"debug"}}
{"@message":"Query: select profile_id, user_id from profile_details, account_details where account = user_id and email = 'naikrushin'","@timestamp":"2017-05-25T08:53:30.586Z","@fields":{"level":"debug"}}
{"@message":"Query: select profile_id, user_id from profile_details, account_details where account = user_id and email = 'naikrushin'","@timestamp":"2017-05-25T08:53:30.975Z","@fields":{"level":"debug"}}
{"@message":"Query: select profile_id, user_id from profile_details, account_details where account = user_id and email = 'naikrushin'","@timestamp":"2017-05-25T08:53:33.089Z","@fields":{"level":"debug"}}
{"@message":"Query: select profile_id from profile_details where email = 'naikrushin@gmail.com'","@timestamp":"2017-05-25T09:05:20.767Z","@fields":{"level":"debug"}}
{"@message":"Query: select profile_id from profile_details where account_details.user_id= profile_details.account and profile_details.email = 'naikrushin@gmail.com'","@timestamp":"2017-05-25T09:10:31.580Z","@fields":{"level":"debug"}}
{"@message":"Query: select profile_id from profile_details,account_details where account_details.user_id= profile_details.account and profile_details.email = 'naikrushin@gmail.com'","@timestamp":"2017-05-25T09:11:36.836Z","@fields":{"level":"debug"}}
{"@message":"Query: select profile_id from profile_details,account_details where account_details.user_id= profile_details.account and account_details.email = 'naikrushin@gmail.com'","@timestamp":"2017-05-25T09:12:40.049Z","@fields":{"level":"debug"}}
{"@message":"Query: select profile_id from profile_details,account_details where account_details.user_id= profile_details.account and account_details.email = 'naikrushin@gmail.com'","@timestamp":"2017-05-25T09:13:40.443Z","@fields":{"level":"debug"}}
{"@message":"Query: select profile_id from profile_details,account_details where account_details.user_id= profile_details.account and account_details.email = 'naikrushin@gmail.com'","@timestamp":"2017-05-25T09:15:40.265Z","@fields":{"level":"debug"}}
{"@message":"Query: select * from profile_details where profile_details.profile_id = '[object Object]';","@timestamp":"2017-05-25T09:15:40.278Z","@fields":{"level":"debug"}}
{"@message":"Query: select profile_id from profile_details,account_details where account_details.user_id= profile_details.account and account_details.email = 'naikrushin@gmail.com'","@timestamp":"2017-05-25T09:17:02.959Z","@fields":{"level":"debug"}}
{"@message":"Query: select * from profile_details where profile_details.profile_id = 1;","@timestamp":"2017-05-25T09:17:02.975Z","@fields":{"level":"debug"}}
{"@message":"Query: SELECT count(user_id) as count FROM account_details WHERE `unique_id` = 'qF6eCGTb4uabnFNhcdmOUjlqn'","@timestamp":"2017-05-25T09:21:17.120Z","@fields":{"level":"debug"}}
{"@message":"Query: select profile_id, user_id from profile_details, account_details where account = user_id and unique_id = 'qF6eCGTb4uabnFNhcdmOUjlqn'","@timestamp":"2017-05-25T09:21:17.133Z","@fields":{"level":"debug"}}
{"@message":"Query: SELECT * FROM profile_details WHERE `profile_id` = 1","@timestamp":"2017-05-25T09:21:17.138Z","@fields":{"level":"debug"}}
{"@message":"Query: SELECT count(user_id) as count FROM account_details WHERE `unique_id` = 'qF6eCGTb4uabnFNhcdmOUjlqn'","@timestamp":"2017-05-25T09:21:17.154Z","@fields":{"level":"debug"}}
{"@message":"Query: select profile_id, user_id from profile_details, account_details where account = user_id and unique_id = 'qF6eCGTb4uabnFNhcdmOUjlqn'","@timestamp":"2017-05-25T09:21:17.155Z","@fields":{"level":"debug"}}
{"@message":"Query: select distinct * from post_details, profile_details where profile = profile_id and (profile in (select friend from connection_details where profile = 1 and pending = 0) or profile in (select profile from connection_details where friend = 1 and pending = 0) or profile in (select following from follow_details, preference_details where follow_details.profile = 1 and follow_details.following = preference_details.profile and preference_details.public = 1) or profile = 1) ORDER BY post_details.timestamp desc;","@timestamp":"2017-05-25T09:21:17.157Z","@fields":{"level":"debug"}}
{"@message":"Query: SELECT count(user_id) as count FROM account_details WHERE `unique_id` = 'qF6eCGTb4uabnFNhcdmOUjlqn'","@timestamp":"2017-05-25T09:21:18.682Z","@fields":{"level":"debug"}}
{"@message":"Query: SELECT count(user_id) as count FROM account_details WHERE `unique_id` = 'qF6eCGTb4uabnFNhcdmOUjlqn'","@timestamp":"2017-05-25T09:21:18.684Z","@fields":{"level":"debug"}}
{"@message":"Query: select profile_id, user_id from profile_details, account_details where account = user_id and unique_id = 'qF6eCGTb4uabnFNhcdmOUjlqn'","@timestamp":"2017-05-25T09:21:18.686Z","@fields":{"level":"debug"}}
{"@message":"Query: SELECT count(user_id) as count FROM account_details WHERE `unique_id` = 'qF6eCGTb4uabnFNhcdmOUjlqn'","@timestamp":"2017-05-25T09:21:18.688Z","@fields":{"level":"debug"}}
{"@message":"Query: select profile_id, user_id from profile_details, account_details where account = user_id and unique_id = 'qF6eCGTb4uabnFNhcdmOUjlqn'","@timestamp":"2017-05-25T09:21:18.689Z","@fields":{"level":"debug"}}
{"@message":"Query: select profile as request_sender, screen_name as name from connection_details, profile_details where connection_details.profile = profile_details.profile_id and connection_details.friend = 1 and pending = 1; ","@timestamp":"2017-05-25T09:21:18.690Z","@fields":{"level":"debug"}}
{"@message":"Query: select profile_id, user_id from profile_details, account_details where account = user_id and unique_id = 'qF6eCGTb4uabnFNhcdmOUjlqn'","@timestamp":"2017-05-25T09:21:18.692Z","@fields":{"level":"debug"}}
{"@message":"Query: select profile as request_sender, screen_name as name from connection_details, profile_details where connection_details.profile = profile_details.profile_id and connection_details.friend = 1 and pending = 1; ","@timestamp":"2017-05-25T09:21:18.693Z","@fields":{"level":"debug"}}
{"@message":"Query: select friend as request_receiver, screen_name as name from connection_details, profile_details where connection_details.profile = 1 and connection_details.pending = 1 and connection_details.friend = profile_details.profile_id;","@timestamp":"2017-05-25T09:21:18.703Z","@fields":{"level":"debug"}}
{"@message":"Query: SELECT count(user_id) as count FROM account_details WHERE `unique_id` = 'qF6eCGTb4uabnFNhcdmOUjlqn'","@timestamp":"2017-05-25T09:21:18.722Z","@fields":{"level":"debug"}}
{"@message":"Query: select profile_id, user_id from profile_details, account_details where account = user_id and unique_id = 'qF6eCGTb4uabnFNhcdmOUjlqn'","@timestamp":"2017-05-25T09:21:18.723Z","@fields":{"level":"debug"}}
{"@message":"Query: select friend as request_receiver, screen_name as name from connection_details, profile_details where connection_details.profile = 1 and connection_details.pending = 1 and connection_details.friend = profile_details.profile_id;","@timestamp":"2017-05-25T09:21:18.724Z","@fields":{"level":"debug"}}
{"@message":"Query: SELECT count(user_id) as count FROM account_details WHERE `unique_id` = 'qF6eCGTb4uabnFNhcdmOUjlqn'","@timestamp":"2017-05-25T09:21:19.690Z","@fields":{"level":"debug"}}
{"@message":"Query: select profile_id, user_id from profile_details, account_details where account = user_id and unique_id = 'qF6eCGTb4uabnFNhcdmOUjlqn'","@timestamp":"2017-05-25T09:21:19.691Z","@fields":{"level":"debug"}}
{"@message":"Query: select distinct * from post_details, profile_details where profile = profile_id and (profile in (select friend from connection_details where profile = 1 and pending = 0) or profile in (select profile from connection_details where friend = 1 and pending = 0) or profile in (select following from follow_details, preference_details where follow_details.profile = 1 and follow_details.following = preference_details.profile and preference_details.public = 1) or profile = 1) ORDER BY post_details.timestamp desc;","@timestamp":"2017-05-25T09:21:19.691Z","@fields":{"level":"debug"}}
{"@message":"Query: select profile_id from profile_details,account_details where account_details.user_id= profile_details.account and account_details.email = 'naikrushin@gmail.com'","@timestamp":"2017-05-25T09:21:33.782Z","@fields":{"level":"debug"}}
{"@message":"Query: select * from profile_details where profile_details.profile_id = 1;","@timestamp":"2017-05-25T09:21:33.783Z","@fields":{"level":"debug"}}
{"@message":"Query: select profile_id from profile_details,account_details where account_details.user_id= profile_details.account and account_details.email = 'naikrushin@gmail.co'","@timestamp":"2017-05-25T09:21:55.033Z","@fields":{"level":"debug"}}
{"@message":"Query: select profile_id from profile_details,account_details where account_details.user_id= profile_details.account and account_details.email = 'naikrushin@gmail.co'","@timestamp":"2017-05-25T09:21:57.581Z","@fields":{"level":"debug"}}
{"@message":"Query: select profile_id from profile_details,account_details where account_details.user_id= profile_details.account and account_details.email = 'naikrushin@gmail.com'","@timestamp":"2017-05-25T09:23:11.909Z","@fields":{"level":"debug"}}
{"@message":"Query: select * from profile_details where profile_details.profile_id = 1;","@timestamp":"2017-05-25T09:23:11.936Z","@fields":{"level":"debug"}}
{"@message":"Query: SELECT count(user_id) as count FROM account_details WHERE `unique_id` = 'qF6eCGTb4uabnFNhcdmOUjlqn'","@timestamp":"2017-05-25T09:23:51.564Z","@fields":{"level":"debug"}}
{"@message":"Query: select profile_id, user_id from profile_details, account_details where account = user_id and unique_id = 'qF6eCGTb4uabnFNhcdmOUjlqn'","@timestamp":"2017-05-25T09:23:51.567Z","@fields":{"level":"debug"}}
{"@message":"Query: SELECT * FROM profile_details WHERE `profile_id` = 1","@timestamp":"2017-05-25T09:23:51.569Z","@fields":{"level":"debug"}}
{"@message":"Query: SELECT count(user_id) as count FROM account_details WHERE `unique_id` = 'qF6eCGTb4uabnFNhcdmOUjlqn'","@timestamp":"2017-05-25T09:23:51.680Z","@fields":{"level":"debug"}}
{"@message":"Query: select profile_id, user_id from profile_details, account_details where account = user_id and unique_id = 'qF6eCGTb4uabnFNhcdmOUjlqn'","@timestamp":"2017-05-25T09:23:51.682Z","@fields":{"level":"debug"}}
{"@message":"Query: select distinct * from post_details, profile_details where profile = profile_id and (profile in (select friend from connection_details where profile = 1 and pending = 0) or profile in (select profile from connection_details where friend = 1 and pending = 0) or profile in (select following from follow_details, preference_details where follow_details.profile = 1 and follow_details.following = preference_details.profile and preference_details.public = 1) or profile = 1) ORDER BY post_details.timestamp desc;","@timestamp":"2017-05-25T09:23:51.685Z","@fields":{"level":"debug"}}
{"@message":"Query: SELECT count(user_id) as count FROM account_details WHERE `unique_id` = 'qF6eCGTb4uabnFNhcdmOUjlqn'","@timestamp":"2017-05-25T09:23:53.637Z","@fields":{"level":"debug"}}
{"@message":"Query: SELECT count(user_id) as count FROM account_details WHERE `unique_id` = 'qF6eCGTb4uabnFNhcdmOUjlqn'","@timestamp":"2017-05-25T09:23:53.646Z","@fields":{"level":"debug"}}
{"@message":"Query: SELECT count(user_id) as count FROM account_details WHERE `unique_id` = 'qF6eCGTb4uabnFNhcdmOUjlqn'","@timestamp":"2017-05-25T09:23:53.650Z","@fields":{"level":"debug"}}
{"@message":"Query: select profile_id, user_id from profile_details, account_details where account = user_id and unique_id = 'qF6eCGTb4uabnFNhcdmOUjlqn'","@timestamp":"2017-05-25T09:23:53.651Z","@fields":{"level":"debug"}}
{"@message":"Query: SELECT count(user_id) as count FROM account_details WHERE `unique_id` = 'qF6eCGTb4uabnFNhcdmOUjlqn'","@timestamp":"2017-05-25T09:23:53.653Z","@fields":{"level":"debug"}}
{"@message":"Query: select profile_id, user_id from profile_details, account_details where account = user_id and unique_id = 'qF6eCGTb4uabnFNhcdmOUjlqn'","@timestamp":"2017-05-25T09:23:53.654Z","@fields":{"level":"debug"}}
{"@message":"Query: select profile_id, user_id from profile_details, account_details where account = user_id and unique_id = 'qF6eCGTb4uabnFNhcdmOUjlqn'","@timestamp":"2017-05-25T09:23:53.655Z","@fields":{"level":"debug"}}
{"@message":"Query: select friend as request_receiver, screen_name as name from connection_details, profile_details where connection_details.profile = 1 and connection_details.pending = 1 and connection_details.friend = profile_details.profile_id;","@timestamp":"2017-05-25T09:23:53.656Z","@fields":{"level":"debug"}}
{"@message":"Query: select profile_id, user_id from profile_details, account_details where account = user_id and unique_id = 'qF6eCGTb4uabnFNhcdmOUjlqn'","@timestamp":"2017-05-25T09:23:53.657Z","@fields":{"level":"debug"}}
{"@message":"Query: select profile as request_sender, screen_name as name from connection_details, profile_details where connection_details.profile = profile_details.profile_id and connection_details.friend = 1 and pending = 1; ","@timestamp":"2017-05-25T09:23:53.658Z","@fields":{"level":"debug"}}
{"@message":"Query: select friend as request_receiver, screen_name as name from connection_details, profile_details where connection_details.profile = 1 and connection_details.pending = 1 and connection_details.friend = profile_details.profile_id;","@timestamp":"2017-05-25T09:23:53.660Z","@fields":{"level":"debug"}}
{"@message":"Query: select profile as request_sender, screen_name as name from connection_details, profile_details where connection_details.profile = profile_details.profile_id and connection_details.friend = 1 and pending = 1; ","@timestamp":"2017-05-25T09:23:53.667Z","@fields":{"level":"debug"}}
{"@message":"Query: SELECT count(user_id) as count FROM account_details WHERE `unique_id` = 'qF6eCGTb4uabnFNhcdmOUjlqn'","@timestamp":"2017-05-25T09:23:54.223Z","@fields":{"level":"debug"}}
{"@message":"Query: select profile_id, user_id from profile_details, account_details where account = user_id and unique_id = 'qF6eCGTb4uabnFNhcdmOUjlqn'","@timestamp":"2017-05-25T09:23:54.225Z","@fields":{"level":"debug"}}
{"@message":"Query: select distinct * from post_details, profile_details where profile = profile_id and (profile in (select friend from connection_details where profile = 1 and pending = 0) or profile in (select profile from connection_details where friend = 1 and pending = 0) or profile in (select following from follow_details, preference_details where follow_details.profile = 1 and follow_details.following = preference_details.profile and preference_details.public = 1) or profile = 1) ORDER BY post_details.timestamp desc;","@timestamp":"2017-05-25T09:23:54.226Z","@fields":{"level":"debug"}}
{"@message":"Query: select profile_id from profile_details,account_details where account_details.user_id= profile_details.account and account_details.email = 'naikrushin@gmail.co'","@timestamp":"2017-05-25T09:24:55.690Z","@fields":{"level":"debug"}}
{"@message":"Query: SELECT count(user_id) as count FROM account_details WHERE `unique_id` = 'qF6eCGTb4uabnFNhcdmOUjlqn'","@timestamp":"2017-05-25T09:27:03.625Z","@fields":{"level":"debug"}}
{"@message":"Query: SELECT count(user_id) as count FROM account_details WHERE `unique_id` = 'qF6eCGTb4uabnFNhcdmOUjlqn'","@timestamp":"2017-05-25T09:27:03.654Z","@fields":{"level":"debug"}}
{"@message":"Query: select profile_id, user_id from profile_details, account_details where account = user_id and unique_id = 'qF6eCGTb4uabnFNhcdmOUjlqn'","@timestamp":"2017-05-25T09:27:03.708Z","@fields":{"level":"debug"}}
{"@message":"Query: select profile_id, user_id from profile_details, account_details where account = user_id and unique_id = 'qF6eCGTb4uabnFNhcdmOUjlqn'","@timestamp":"2017-05-25T09:27:03.713Z","@fields":{"level":"debug"}}
{"@message":"Query: select distinct * from post_details, profile_details where profile = profile_id and (profile in (select friend from connection_details where profile = 1 and pending = 0) or profile in (select profile from connection_details where friend = 1 and pending = 0) or profile in (select following from follow_details, preference_details where follow_details.profile = 1 and follow_details.following = preference_details.profile and preference_details.public = 1) or profile = 1) ORDER BY post_details.timestamp desc;","@timestamp":"2017-05-25T09:27:03.716Z","@fields":{"level":"debug"}}
{"@message":"Query: SELECT * FROM profile_details WHERE `profile_id` = 1","@timestamp":"2017-05-25T09:27:03.719Z","@fields":{"level":"debug"}}
{"@message":"Query: SELECT count(user_id) as count FROM account_details WHERE `unique_id` = 'qF6eCGTb4uabnFNhcdmOUjlqn'","@timestamp":"2017-05-25T09:27:06.138Z","@fields":{"level":"debug"}}
{"@message":"Query: select profile_id, user_id from profile_details, account_details where account = user_id and unique_id = 'qF6eCGTb4uabnFNhcdmOUjlqn'","@timestamp":"2017-05-25T09:27:06.138Z","@fields":{"level":"debug"}}
{"@message":"Query: select distinct * from post_details, profile_details where profile = profile_id and (profile in (select friend from connection_details where profile = 1 and pending = 0) or profile in (select profile from connection_details where friend = 1 and pending = 0) or profile in (select following from follow_details, preference_details where follow_details.profile = 1 and follow_details.following = preference_details.profile and preference_details.public = 1) or profile = 1) ORDER BY post_details.timestamp desc;","@timestamp":"2017-05-25T09:27:06.139Z","@fields":{"level":"debug"}}
{"@message":"Query: SELECT count(user_id) as count FROM account_details WHERE `unique_id` = 'qF6eCGTb4uabnFNhcdmOUjlqn'","@timestamp":"2017-05-25T09:27:25.370Z","@fields":{"level":"debug"}}
{"@message":"Query: select profile_id, user_id from profile_details, account_details where account = user_id and unique_id = 'qF6eCGTb4uabnFNhcdmOUjlqn'","@timestamp":"2017-05-25T09:27:25.377Z","@fields":{"level":"debug"}}
{"@message":"Query: SELECT count(user_id) as count FROM account_details WHERE `unique_id` = 'qF6eCGTb4uabnFNhcdmOUjlqn'","@timestamp":"2017-05-25T09:27:25.379Z","@fields":{"level":"debug"}}
{"@message":"Query: SELECT count(user_id) as count FROM account_details WHERE `unique_id` = 'qF6eCGTb4uabnFNhcdmOUjlqn'","@timestamp":"2017-05-25T09:27:25.380Z","@fields":{"level":"debug"}}
{"@message":"Query: select friend as request_receiver, screen_name as name from connection_details, profile_details where connection_details.profile = 1 and connection_details.pending = 1 and connection_details.friend = profile_details.profile_id;","@timestamp":"2017-05-25T09:27:25.381Z","@fields":{"level":"debug"}}
{"@message":"Query: select profile_id, user_id from profile_details, account_details where account = user_id and unique_id = 'qF6eCGTb4uabnFNhcdmOUjlqn'","@timestamp":"2017-05-25T09:27:25.382Z","@fields":{"level":"debug"}}
{"@message":"Query: SELECT count(user_id) as count FROM account_details WHERE `unique_id` = 'qF6eCGTb4uabnFNhcdmOUjlqn'","@timestamp":"2017-05-25T09:27:25.389Z","@fields":{"level":"debug"}}
{"@message":"Query: select profile_id, user_id from profile_details, account_details where account = user_id and unique_id = 'qF6eCGTb4uabnFNhcdmOUjlqn'","@timestamp":"2017-05-25T09:27:25.391Z","@fields":{"level":"debug"}}
{"@message":"Query: select friend as request_receiver, screen_name as name from connection_details, profile_details where connection_details.profile = 1 and connection_details.pending = 1 and connection_details.friend = profile_details.profile_id;","@timestamp":"2017-05-25T09:27:25.394Z","@fields":{"level":"debug"}}
{"@message":"Query: select profile_id, user_id from profile_details, account_details where account = user_id and unique_id = 'qF6eCGTb4uabnFNhcdmOUjlqn'","@timestamp":"2017-05-25T09:27:25.394Z","@fields":{"level":"debug"}}
{"@message":"Query: select profile as request_sender, screen_name as name from connection_details, profile_details where connection_details.profile = profile_details.profile_id and connection_details.friend = 1 and pending = 1; ","@timestamp":"2017-05-25T09:27:25.399Z","@fields":{"level":"debug"}}
{"@message":"Query: select profile as request_sender, screen_name as name from connection_details, profile_details where connection_details.profile = profile_details.profile_id and connection_details.friend = 1 and pending = 1; ","@timestamp":"2017-05-25T09:27:25.409Z","@fields":{"level":"debug"}}
{"@message":"Query: select profile_id from profile_details,account_details where account_details.user_id= profile_details.account and account_details.email = 'naikrushin@gmail.com'","@timestamp":"2017-05-25T09:27:48.748Z","@fields":{"level":"debug"}}
{"@message":"Query: select * from profile_details where profile_details.profile_id = 1;","@timestamp":"2017-05-25T09:27:48.749Z","@fields":{"level":"debug"}}
{"@message":"Query: SELECT count(user_id) as count FROM account_details WHERE `unique_id` = 'qF6eCGTb4uabnFNhcdmOUjlqn'","@timestamp":"2017-05-25T09:38:38.483Z","@fields":{"level":"debug"}}
{"@message":"Query: SELECT count(user_id) as count FROM account_details WHERE `unique_id` = 'qF6eCGTb4uabnFNhcdmOUjlqn'","@timestamp":"2017-05-25T09:38:38.500Z","@fields":{"level":"debug"}}
{"@message":"Query: select profile_id, user_id from profile_details, account_details where account = user_id and unique_id = 'qF6eCGTb4uabnFNhcdmOUjlqn'","@timestamp":"2017-05-25T09:38:38.531Z","@fields":{"level":"debug"}}
{"@message":"Query: select profile_id, user_id from profile_details, account_details where account = user_id and unique_id = 'qF6eCGTb4uabnFNhcdmOUjlqn'","@timestamp":"2017-05-25T09:38:38.534Z","@fields":{"level":"debug"}}
{"@message":"Query: SELECT * FROM profile_details WHERE `profile_id` = 1","@timestamp":"2017-05-25T09:38:38.535Z","@fields":{"level":"debug"}}
{"@message":"Query: select distinct * from post_details, profile_details where profile = profile_id and (profile in (select friend from connection_details where profile = 1 and pending = 0) or profile in (select profile from connection_details where friend = 1 and pending = 0) or profile in (select following from follow_details, preference_details where follow_details.profile = 1 and follow_details.following = preference_details.profile and preference_details.public = 1) or profile = 1) ORDER BY post_details.timestamp desc;","@timestamp":"2017-05-25T09:38:38.536Z","@fields":{"level":"debug"}}
{"@message":"Query: SELECT count(user_id) as count FROM account_details WHERE `unique_id` = 'qF6eCGTb4uabnFNhcdmOUjlqn'","@timestamp":"2017-05-25T09:38:40.954Z","@fields":{"level":"debug"}}
{"@message":"Query: select profile_id, user_id from profile_details, account_details where account = user_id and unique_id = 'qF6eCGTb4uabnFNhcdmOUjlqn'","@timestamp":"2017-05-25T09:38:40.955Z","@fields":{"level":"debug"}}
{"@message":"Query: select distinct * from post_details, profile_details where profile = profile_id and (profile in (select friend from connection_details where profile = 1 and pending = 0) or profile in (select profile from connection_details where friend = 1 and pending = 0) or profile in (select following from follow_details, preference_details where follow_details.profile = 1 and follow_details.following = preference_details.profile and preference_details.public = 1) or profile = 1) ORDER BY post_details.timestamp desc;","@timestamp":"2017-05-25T09:38:40.956Z","@fields":{"level":"debug"}}
{"@message":"Query: SELECT count(user_id) as count FROM account_details WHERE `unique_id` = 'qF6eCGTb4uabnFNhcdmOUjlqn'","@timestamp":"2017-05-25T09:38:43.725Z","@fields":{"level":"debug"}}
{"@message":"Query: SELECT count(user_id) as count FROM account_details WHERE `unique_id` = 'qF6eCGTb4uabnFNhcdmOUjlqn'","@timestamp":"2017-05-25T09:38:43.742Z","@fields":{"level":"debug"}}
{"@message":"Query: SELECT count(user_id) as count FROM account_details WHERE `unique_id` = 'qF6eCGTb4uabnFNhcdmOUjlqn'","@timestamp":"2017-05-25T09:38:43.744Z","@fields":{"level":"debug"}}
{"@message":"Query: SELECT count(user_id) as count FROM account_details WHERE `unique_id` = 'qF6eCGTb4uabnFNhcdmOUjlqn'","@timestamp":"2017-05-25T09:38:43.748Z","@fields":{"level":"debug"}}
{"@message":"Query: select profile_id, user_id from profile_details, account_details where account = user_id and unique_id = 'qF6eCGTb4uabnFNhcdmOUjlqn'","@timestamp":"2017-05-25T09:38:43.750Z","@fields":{"level":"debug"}}
{"@message":"Query: select profile_id, user_id from profile_details, account_details where account = user_id and unique_id = 'qF6eCGTb4uabnFNhcdmOUjlqn'","@timestamp":"2017-05-25T09:38:43.755Z","@fields":{"level":"debug"}}
{"@message":"Query: select profile_id, user_id from profile_details, account_details where account = user_id and unique_id = 'qF6eCGTb4uabnFNhcdmOUjlqn'","@timestamp":"2017-05-25T09:38:43.758Z","@fields":{"level":"debug"}}
{"@message":"Query: select profile_id, user_id from profile_details, account_details where account = user_id and unique_id = 'qF6eCGTb4uabnFNhcdmOUjlqn'","@timestamp":"2017-05-25T09:38:43.760Z","@fields":{"level":"debug"}}
{"@message":"Query: select friend as request_receiver, screen_name as name from connection_details, profile_details where connection_details.profile = 1 and connection_details.pending = 1 and connection_details.friend = profile_details.profile_id;","@timestamp":"2017-05-25T09:38:43.763Z","@fields":{"level":"debug"}}
{"@message":"Query: select profile as request_sender, screen_name as name from connection_details, profile_details where connection_details.profile = profile_details.profile_id and connection_details.friend = 1 and pending = 1; ","@timestamp":"2017-05-25T09:38:43.765Z","@fields":{"level":"debug"}}
{"@message":"Query: select friend as request_receiver, screen_name as name from connection_details, profile_details where connection_details.profile = 1 and connection_details.pending = 1 and connection_details.friend = profile_details.profile_id;","@timestamp":"2017-05-25T09:38:43.770Z","@fields":{"level":"debug"}}
{"@message":"Query: select profile as request_sender, screen_name as name from connection_details, profile_details where connection_details.profile = profile_details.profile_id and connection_details.friend = 1 and pending = 1; ","@timestamp":"2017-05-25T09:38:43.772Z","@fields":{"level":"debug"}}
{"@message":"Query: select profile_id from profile_details,account_details where account_details.user_id= profile_details.account and account_details.email = 'naikrushin@gmail.com'","@timestamp":"2017-05-25T09:39:06.986Z","@fields":{"level":"debug"}}
{"@message":"Query: select * from profile_details where profile_details.profile_id = 1;","@timestamp":"2017-05-25T09:39:06.987Z","@fields":{"level":"debug"}}
{"@message":"Query: SELECT count(user_id) as count FROM account_details WHERE `unique_id` = 'qF6eCGTb4uabnFNhcdmOUjlqn'","@timestamp":"2017-05-25T09:44:34.359Z","@fields":{"level":"debug"}}
{"@message":"Query: select profile_id, user_id from profile_details, account_details where account = user_id and unique_id = 'qF6eCGTb4uabnFNhcdmOUjlqn'","@timestamp":"2017-05-25T09:44:34.388Z","@fields":{"level":"debug"}}
{"@message":"Query: SELECT * FROM profile_details WHERE `profile_id` = 1","@timestamp":"2017-05-25T09:44:34.391Z","@fields":{"level":"debug"}}
{"@message":"Query: SELECT count(user_id) as count FROM account_details WHERE `unique_id` = 'qF6eCGTb4uabnFNhcdmOUjlqn'","@timestamp":"2017-05-25T09:44:34.471Z","@fields":{"level":"debug"}}
{"@message":"Query: select profile_id, user_id from profile_details, account_details where account = user_id and unique_id = 'qF6eCGTb4uabnFNhcdmOUjlqn'","@timestamp":"2017-05-25T09:44:34.472Z","@fields":{"level":"debug"}}
{"@message":"Query: select distinct * from post_details, profile_details where profile = profile_id and (profile in (select friend from connection_details where profile = 1 and pending = 0) or profile in (select profile from connection_details where friend = 1 and pending = 0) or profile in (select following from follow_details, preference_details where follow_details.profile = 1 and follow_details.following = preference_details.profile and preference_details.public = 1) or profile = 1) ORDER BY post_details.timestamp desc;","@timestamp":"2017-05-25T09:44:34.475Z","@fields":{"level":"debug"}}
{"@message":"Query: SELECT count(user_id) as count FROM account_details WHERE `unique_id` = 'qF6eCGTb4uabnFNhcdmOUjlqn'","@timestamp":"2017-05-25T09:44:37.020Z","@fields":{"level":"debug"}}
{"@message":"Query: select profile_id, user_id from profile_details, account_details where account = user_id and unique_id = 'qF6eCGTb4uabnFNhcdmOUjlqn'","@timestamp":"2017-05-25T09:44:37.022Z","@fields":{"level":"debug"}}
{"@message":"Query: select distinct * from post_details, profile_details where profile = profile_id and (profile in (select friend from connection_details where profile = 1 and pending = 0) or profile in (select profile from connection_details where friend = 1 and pending = 0) or profile in (select following from follow_details, preference_details where follow_details.profile = 1 and follow_details.following = preference_details.profile and preference_details.public = 1) or profile = 1) ORDER BY post_details.timestamp desc;","@timestamp":"2017-05-25T09:44:37.024Z","@fields":{"level":"debug"}}
{"@message":"Query: SELECT count(user_id) as count FROM account_details WHERE `unique_id` = 'qF6eCGTb4uabnFNhcdmOUjlqn'","@timestamp":"2017-05-25T09:44:45.095Z","@fields":{"level":"debug"}}
{"@message":"Query: select profile_id, user_id from profile_details, account_details where account = user_id and unique_id = 'qF6eCGTb4uabnFNhcdmOUjlqn'","@timestamp":"2017-05-25T09:44:45.099Z","@fields":{"level":"debug"}}
{"@message":"Query: SELECT * FROM notification_details WHERE `profile` = 1","@timestamp":"2017-05-25T09:44:45.100Z","@fields":{"level":"debug"}}
{"@message":"Query: SELECT count(user_id) as count FROM account_details WHERE `unique_id` = 'qF6eCGTb4uabnFNhcdmOUjlqn'","@timestamp":"2017-05-25T09:44:47.268Z","@fields":{"level":"debug"}}
{"@message":"Query: SELECT count(user_id) as count FROM account_details WHERE `unique_id` = 'qF6eCGTb4uabnFNhcdmOUjlqn'","@timestamp":"2017-05-25T09:44:47.273Z","@fields":{"level":"debug"}}
{"@message":"Query: select profile_id, user_id from profile_details, account_details where account = user_id and unique_id = 'qF6eCGTb4uabnFNhcdmOUjlqn'","@timestamp":"2017-05-25T09:44:47.275Z","@fields":{"level":"debug"}}
{"@message":"Query: SELECT count(user_id) as count FROM account_details WHERE `unique_id` = 'qF6eCGTb4uabnFNhcdmOUjlqn'","@timestamp":"2017-05-25T09:44:47.278Z","@fields":{"level":"debug"}}
{"@message":"Query: select profile_id, user_id from profile_details, account_details where account = user_id and unique_id = 'qF6eCGTb4uabnFNhcdmOUjlqn'","@timestamp":"2017-05-25T09:44:47.282Z","@fields":{"level":"debug"}}
{"@message":"Query: select profile as request_sender, screen_name as name from connection_details, profile_details where connection_details.profile = profile_details.profile_id and connection_details.friend = 1 and pending = 1; ","@timestamp":"2017-05-25T09:44:47.285Z","@fields":{"level":"debug"}}
{"@message":"Query: SELECT count(user_id) as count FROM account_details WHERE `unique_id` = 'qF6eCGTb4uabnFNhcdmOUjlqn'","@timestamp":"2017-05-25T09:44:47.288Z","@fields":{"level":"debug"}}
{"@message":"Query: select profile_id, user_id from profile_details, account_details where account = user_id and unique_id = 'qF6eCGTb4uabnFNhcdmOUjlqn'","@timestamp":"2017-05-25T09:44:47.290Z","@fields":{"level":"debug"}}
{"@message":"Query: select friend as request_receiver, screen_name as name from connection_details, profile_details where connection_details.profile = 1 and connection_details.pending = 1 and connection_details.friend = profile_details.profile_id;","@timestamp":"2017-05-25T09:44:47.293Z","@fields":{"level":"debug"}}
{"@message":"Query: select profile_id, user_id from profile_details, account_details where account = user_id and unique_id = 'qF6eCGTb4uabnFNhcdmOUjlqn'","@timestamp":"2017-05-25T09:44:47.299Z","@fields":{"level":"debug"}}
{"@message":"Query: select profile as request_sender, screen_name as name from connection_details, profile_details where connection_details.profile = profile_details.profile_id and connection_details.friend = 1 and pending = 1; ","@timestamp":"2017-05-25T09:44:47.300Z","@fields":{"level":"debug"}}
{"@message":"Query: select friend as request_receiver, screen_name as name from connection_details, profile_details where connection_details.profile = 1 and connection_details.pending = 1 and connection_details.friend = profile_details.profile_id;","@timestamp":"2017-05-25T09:44:47.304Z","@fields":{"level":"debug"}}
{"@message":"Query: select profile_id from profile_details,account_details where account_details.user_id= profile_details.account and account_details.email = 'naikrushin@gmail.com'","@timestamp":"2017-05-25T09:45:12.290Z","@fields":{"level":"debug"}}
{"@message":"Query: select * from profile_details where profile_details.profile_id = 1;","@timestamp":"2017-05-25T09:45:12.292Z","@fields":{"level":"debug"}}
{"@message":"Query: select profile_id from profile_details,account_details where account_details.user_id= profile_details.account and account_details.email = 'naikrushin@gmail.com'","@timestamp":"2017-05-25T09:45:18.257Z","@fields":{"level":"debug"}}
{"@message":"Query: select * from profile_details where profile_details.profile_id = 1;","@timestamp":"2017-05-25T09:45:18.258Z","@fields":{"level":"debug"}}
{"@message":"Query: SELECT count(user_id) as count FROM account_details WHERE `unique_id` = 'qF6eCGTb4uabnFNhcdmOUjlqn'","@timestamp":"2017-05-25T10:04:56.852Z","@fields":{"level":"debug"}}
{"@message":"Query: select profile_id, user_id from profile_details, account_details where account = user_id and unique_id = 'qF6eCGTb4uabnFNhcdmOUjlqn'","@timestamp":"2017-05-25T10:04:56.852Z","@fields":{"level":"debug"}}
{"@message":"Query: SELECT * FROM profile_details WHERE `profile_id` = 1","@timestamp":"2017-05-25T10:04:56.854Z","@fields":{"level":"debug"}}
{"@message":"Query: SELECT count(user_id) as count FROM account_details WHERE `unique_id` = 'qF6eCGTb4uabnFNhcdmOUjlqn'","@timestamp":"2017-05-25T10:04:56.987Z","@fields":{"level":"debug"}}
{"@message":"Query: select profile_id, user_id from profile_details, account_details where account = user_id and unique_id = 'qF6eCGTb4uabnFNhcdmOUjlqn'","@timestamp":"2017-05-25T10:04:56.988Z","@fields":{"level":"debug"}}
{"@message":"Query: select distinct * from post_details, profile_details where profile = profile_id and (profile in (select friend from connection_details where profile = 1 and pending = 0) or profile in (select profile from connection_details where friend = 1 and pending = 0) or profile in (select following from follow_details, preference_details where follow_details.profile = 1 and follow_details.following = preference_details.profile and preference_details.public = 1) or profile = 1) ORDER BY post_details.timestamp desc;","@timestamp":"2017-05-25T10:04:56.990Z","@fields":{"level":"debug"}}
{"@message":"Query: SELECT count(user_id) as count FROM account_details WHERE `unique_id` = 'qF6eCGTb4uabnFNhcdmOUjlqn'","@timestamp":"2017-05-25T10:04:59.529Z","@fields":{"level":"debug"}}
{"@message":"Query: select profile_id, user_id from profile_details, account_details where account = user_id and unique_id = 'qF6eCGTb4uabnFNhcdmOUjlqn'","@timestamp":"2017-05-25T10:04:59.529Z","@fields":{"level":"debug"}}
{"@message":"Query: select distinct * from post_details, profile_details where profile = profile_id and (profile in (select friend from connection_details where profile = 1 and pending = 0) or profile in (select profile from connection_details where friend = 1 and pending = 0) or profile in (select following from follow_details, preference_details where follow_details.profile = 1 and follow_details.following = preference_details.profile and preference_details.public = 1) or profile = 1) ORDER BY post_details.timestamp desc;","@timestamp":"2017-05-25T10:04:59.530Z","@fields":{"level":"debug"}}
{"@message":"Query: SELECT count(user_id) as count FROM account_details WHERE `unique_id` = 'qF6eCGTb4uabnFNhcdmOUjlqn'","@timestamp":"2017-05-25T10:05:24.734Z","@fields":{"level":"debug"}}
{"@message":"Query: select profile_id, user_id from profile_details, account_details where account = user_id and unique_id = 'qF6eCGTb4uabnFNhcdmOUjlqn'","@timestamp":"2017-05-25T10:05:24.743Z","@fields":{"level":"debug"}}
{"@message":"Query: SELECT * FROM notification_details WHERE `profile` = 1","@timestamp":"2017-05-25T10:05:24.745Z","@fields":{"level":"debug"}}
{"@message":"Query: SELECT count(user_id) as count FROM account_details WHERE `unique_id` = 'qF6eCGTb4uabnFNhcdmOUjlqn'","@timestamp":"2017-05-25T10:05:26.583Z","@fields":{"level":"debug"}}
{"@message":"Query: select profile_id, user_id from profile_details, account_details where account = user_id and unique_id = 'qF6eCGTb4uabnFNhcdmOUjlqn'","@timestamp":"2017-05-25T10:05:26.587Z","@fields":{"level":"debug"}}
{"@message":"Query: SELECT count(user_id) as count FROM account_details WHERE `unique_id` = 'qF6eCGTb4uabnFNhcdmOUjlqn'","@timestamp":"2017-05-25T10:05:26.589Z","@fields":{"level":"debug"}}
{"@message":"Query: select distinct * from post_details, profile_details where profile = profile_id and (profile in (select friend from connection_details where profile = 1 and pending = 0) or profile in (select profile from connection_details where friend = 1 and pending = 0) or profile in (select following from follow_details, preference_details where follow_details.profile = 1 and follow_details.following = preference_details.profile and preference_details.public = 1) or profile = 1) ORDER BY post_details.timestamp desc;","@timestamp":"2017-05-25T10:05:26.589Z","@fields":{"level":"debug"}}
{"@message":"Query: select profile_id, user_id from profile_details, account_details where account = user_id and unique_id = 'qF6eCGTb4uabnFNhcdmOUjlqn'","@timestamp":"2017-05-25T10:05:26.591Z","@fields":{"level":"debug"}}
{"@message":"Query: SELECT * FROM profile_details WHERE `profile_id` = 1","@timestamp":"2017-05-25T10:05:26.600Z","@fields":{"level":"debug"}}
{"@message":"Query: SELECT count(user_id) as count FROM account_details WHERE `unique_id` = 'qF6eCGTb4uabnFNhcdmOUjlqn'","@timestamp":"2017-05-25T10:05:29.116Z","@fields":{"level":"debug"}}
{"@message":"Query: select profile_id, user_id from profile_details, account_details where account = user_id and unique_id = 'qF6eCGTb4uabnFNhcdmOUjlqn'","@timestamp":"2017-05-25T10:05:29.117Z","@fields":{"level":"debug"}}
{"@message":"Query: select distinct * from post_details, profile_details where profile = profile_id and (profile in (select friend from connection_details where profile = 1 and pending = 0) or profile in (select profile from connection_details where friend = 1 and pending = 0) or profile in (select following from follow_details, preference_details where follow_details.profile = 1 and follow_details.following = preference_details.profile and preference_details.public = 1) or profile = 1) ORDER BY post_details.timestamp desc;","@timestamp":"2017-05-25T10:05:29.117Z","@fields":{"level":"debug"}}
{"@message":"Query: SELECT count(user_id) as count FROM account_details WHERE `unique_id` = 'qF6eCGTb4uabnFNhcdmOUjlqn'","@timestamp":"2017-05-25T10:05:29.732Z","@fields":{"level":"debug"}}
{"@message":"Query: select profile_id, user_id from profile_details, account_details where account = user_id and unique_id = 'qF6eCGTb4uabnFNhcdmOUjlqn'","@timestamp":"2017-05-25T10:05:29.733Z","@fields":{"level":"debug"}}
{"@message":"Query: select friend as request_receiver, screen_name as name from connection_details, profile_details where connection_details.profile = 1 and connection_details.pending = 1 and connection_details.friend = profile_details.profile_id;","@timestamp":"2017-05-25T10:05:29.734Z","@fields":{"level":"debug"}}
{"@message":"Query: SELECT count(user_id) as count FROM account_details WHERE `unique_id` = 'qF6eCGTb4uabnFNhcdmOUjlqn'","@timestamp":"2017-05-25T10:05:29.740Z","@fields":{"level":"debug"}}
{"@message":"Query: select profile_id, user_id from profile_details, account_details where account = user_id and unique_id = 'qF6eCGTb4uabnFNhcdmOUjlqn'","@timestamp":"2017-05-25T10:05:29.741Z","@fields":{"level":"debug"}}
{"@message":"Query: select profile as request_sender, screen_name as name from connection_details, profile_details where connection_details.profile = profile_details.profile_id and connection_details.friend = 1 and pending = 1; ","@timestamp":"2017-05-25T10:05:29.742Z","@fields":{"level":"debug"}}
{"@message":"Query: SELECT count(user_id) as count FROM account_details WHERE `unique_id` = 'qF6eCGTb4uabnFNhcdmOUjlqn'","@timestamp":"2017-05-25T10:05:29.832Z","@fields":{"level":"debug"}}
{"@message":"Query: select profile_id, user_id from profile_details, account_details where account = user_id and unique_id = 'qF6eCGTb4uabnFNhcdmOUjlqn'","@timestamp":"2017-05-25T10:05:29.833Z","@fields":{"level":"debug"}}
{"@message":"Query: select friend as request_receiver, screen_name as name from connection_details, profile_details where connection_details.profile = 1 and connection_details.pending = 1 and connection_details.friend = profile_details.profile_id;","@timestamp":"2017-05-25T10:05:29.835Z","@fields":{"level":"debug"}}
{"@message":"Query: SELECT count(user_id) as count FROM account_details WHERE `unique_id` = 'qF6eCGTb4uabnFNhcdmOUjlqn'","@timestamp":"2017-05-25T10:05:29.838Z","@fields":{"level":"debug"}}
{"@message":"Query: select profile_id, user_id from profile_details, account_details where account = user_id and unique_id = 'qF6eCGTb4uabnFNhcdmOUjlqn'","@timestamp":"2017-05-25T10:05:29.840Z","@fields":{"level":"debug"}}
{"@message":"Query: select profile as request_sender, screen_name as name from connection_details, profile_details where connection_details.profile = profile_details.profile_id and connection_details.friend = 1 and pending = 1; ","@timestamp":"2017-05-25T10:05:29.842Z","@fields":{"level":"debug"}}
{"@message":"Query: select profile_id from profile_details,account_details where account_details.user_id= profile_details.account and account_details.email = 'naikrushin@gmail.com'","@timestamp":"2017-05-25T10:05:45.149Z","@fields":{"level":"debug"}}
{"@message":"Query: select * from profile_details where profile_details.profile_id = 1;","@timestamp":"2017-05-25T10:05:45.150Z","@fields":{"level":"debug"}}
{"@message":"Query: SELECT count(user_id) as count FROM account_details WHERE `unique_id` = 'qF6eCGTb4uabnFNhcdmOUjlqn'","@timestamp":"2017-05-25T10:20:43.948Z","@fields":{"level":"debug"}}
{"@message":"Query: SELECT count(user_id) as count FROM account_details WHERE `unique_id` = 'qF6eCGTb4uabnFNhcdmOUjlqn'","@timestamp":"2017-05-25T10:20:43.952Z","@fields":{"level":"debug"}}
{"@message":"Query: select profile_id, user_id from profile_details, account_details where account = user_id and unique_id = 'qF6eCGTb4uabnFNhcdmOUjlqn'","@timestamp":"2017-05-25T10:20:44.081Z","@fields":{"level":"debug"}}
{"@message":"Query: select profile_id, user_id from profile_details, account_details where account = user_id and unique_id = 'qF6eCGTb4uabnFNhcdmOUjlqn'","@timestamp":"2017-05-25T10:20:44.083Z","@fields":{"level":"debug"}}
{"@message":"Query: SELECT * FROM profile_details WHERE `profile_id` = 1","@timestamp":"2017-05-25T10:20:44.088Z","@fields":{"level":"debug"}}
{"@message":"Query: select distinct * from post_details, profile_details where profile = profile_id and (profile in (select friend from connection_details where profile = 1 and pending = 0) or profile in (select profile from connection_details where friend = 1 and pending = 0) or profile in (select following from follow_details, preference_details where follow_details.profile = 1 and follow_details.following = preference_details.profile and preference_details.public = 1) or profile = 1) ORDER BY post_details.timestamp desc;","@timestamp":"2017-05-25T10:20:44.090Z","@fields":{"level":"debug"}}
{"@message":"Query: SELECT count(user_id) as count FROM account_details WHERE `unique_id` = 'qF6eCGTb4uabnFNhcdmOUjlqn'","@timestamp":"2017-05-25T10:20:46.375Z","@fields":{"level":"debug"}}
{"@message":"Query: select profile_id, user_id from profile_details, account_details where account = user_id and unique_id = 'qF6eCGTb4uabnFNhcdmOUjlqn'","@timestamp":"2017-05-25T10:20:46.376Z","@fields":{"level":"debug"}}
{"@message":"Query: select distinct * from post_details, profile_details where profile = profile_id and (profile in (select friend from connection_details where profile = 1 and pending = 0) or profile in (select profile from connection_details where friend = 1 and pending = 0) or profile in (select following from follow_details, preference_details where follow_details.profile = 1 and follow_details.following = preference_details.profile and preference_details.public = 1) or profile = 1) ORDER BY post_details.timestamp desc;","@timestamp":"2017-05-25T10:20:46.376Z","@fields":{"level":"debug"}}
{"@message":"Query: SELECT count(user_id) as count FROM account_details WHERE `unique_id` = 'qF6eCGTb4uabnFNhcdmOUjlqn'","@timestamp":"2017-05-25T10:20:51.266Z","@fields":{"level":"debug"}}
{"@message":"Query: SELECT count(user_id) as count FROM account_details WHERE `unique_id` = 'qF6eCGTb4uabnFNhcdmOUjlqn'","@timestamp":"2017-05-25T10:20:51.267Z","@fields":{"level":"debug"}}
{"@message":"Query: select profile_id, user_id from profile_details, account_details where account = user_id and unique_id = 'qF6eCGTb4uabnFNhcdmOUjlqn'","@timestamp":"2017-05-25T10:20:51.268Z","@fields":{"level":"debug"}}
{"@message":"Query: select profile_id, user_id from profile_details, account_details where account = user_id and unique_id = 'qF6eCGTb4uabnFNhcdmOUjlqn'","@timestamp":"2017-05-25T10:20:51.269Z","@fields":{"level":"debug"}}
{"@message":"Query: select friend as request_receiver, screen_name as name from connection_details, profile_details where connection_details.profile = 1 and connection_details.pending = 1 and connection_details.friend = profile_details.profile_id;","@timestamp":"2017-05-25T10:20:51.270Z","@fields":{"level":"debug"}}
{"@message":"Query: SELECT count(user_id) as count FROM account_details WHERE `unique_id` = 'qF6eCGTb4uabnFNhcdmOUjlqn'","@timestamp":"2017-05-25T10:20:51.280Z","@fields":{"level":"debug"}}
{"@message":"Query: select profile as request_sender, screen_name as name from connection_details, profile_details where connection_details.profile = profile_details.profile_id and connection_details.friend = 1 and pending = 1; ","@timestamp":"2017-05-25T10:20:51.281Z","@fields":{"level":"debug"}}
{"@message":"Query: select profile_id, user_id from profile_details, account_details where account = user_id and unique_id = 'qF6eCGTb4uabnFNhcdmOUjlqn'","@timestamp":"2017-05-25T10:20:51.284Z","@fields":{"level":"debug"}}
{"@message":"Query: select profile as request_sender, screen_name as name from connection_details, profile_details where connection_details.profile = profile_details.profile_id and connection_details.friend = 1 and pending = 1; ","@timestamp":"2017-05-25T10:20:51.289Z","@fields":{"level":"debug"}}
{"@message":"Query: SELECT count(user_id) as count FROM account_details WHERE `unique_id` = 'qF6eCGTb4uabnFNhcdmOUjlqn'","@timestamp":"2017-05-25T10:20:51.299Z","@fields":{"level":"debug"}}
{"@message":"Query: select profile_id, user_id from profile_details, account_details where account = user_id and unique_id = 'qF6eCGTb4uabnFNhcdmOUjlqn'","@timestamp":"2017-05-25T10:20:51.300Z","@fields":{"level":"debug"}}
{"@message":"Query: select friend as request_receiver, screen_name as name from connection_details, profile_details where connection_details.profile = 1 and connection_details.pending = 1 and connection_details.friend = profile_details.profile_id;","@timestamp":"2017-05-25T10:20:51.302Z","@fields":{"level":"debug"}}
{"@message":"Query: select profile_id from profile_details,account_details where account_details.user_id= profile_details.account and account_details.email = 'naikrushin@gmail.com'","@timestamp":"2017-05-25T10:21:05.490Z","@fields":{"level":"debug"}}
{"@message":"Query: select * from profile_details where profile_details.profile_id = 1;","@timestamp":"2017-05-25T10:21:05.492Z","@fields":{"level":"debug"}}
